
 /----------------------------------------------------------------------------\
 |  yosys -- Yosys Open SYnthesis Suite                                       |
 |  Copyright (C) 2012 - 2026  Claire Xenia Wolf <claire@yosyshq.com>         |
 |  Distributed under an ISC-like license, type "license" to see terms        |
 \----------------------------------------------------------------------------/
 Yosys 0.61+112 (git sha1 ac427a79b-dirty, x86_64-apple-darwin23.5-clang++ 18.1.8 -fPIC -O3)

-- Parsing `spu13_cortex.v' using frontend ` -vlog2k' --

1. Executing Verilog-2005 frontend: spu13_cortex.v
Parsing Verilog input from `spu13_cortex.v' to AST representation.
Storing AST representation for module `$abstract\top'.
Successfully finished Verilog frontend.

-- Parsing `spu13_lean_core.v' using frontend ` -vlog2k' --

2. Executing Verilog-2005 frontend: spu13_lean_core.v
Parsing Verilog input from `spu13_lean_core.v' to AST representation.
Storing AST representation for module `$abstract\spu13_lean_core'.
Successfully finished Verilog frontend.

-- Parsing `../../rtl/spu_nano_core.v' using frontend ` -vlog2k' --

3. Executing Verilog-2005 frontend: ../../rtl/spu_nano_core.v
Parsing Verilog input from `../../rtl/spu_nano_core.v' to AST representation.
Storing AST representation for module `$abstract\spu_nano_core'.
Successfully finished Verilog frontend.

-- Parsing `../../rtl/spu_davis_gate.v' using frontend ` -vlog2k' --

4. Executing Verilog-2005 frontend: ../../rtl/spu_davis_gate.v
Parsing Verilog input from `../../rtl/spu_davis_gate.v' to AST representation.
Storing AST representation for module `$abstract\spu_davis_gate'.
Successfully finished Verilog frontend.

-- Parsing `../../rtl/spu_quadrance_calc.v' using frontend ` -vlog2k' --

5. Executing Verilog-2005 frontend: ../../rtl/spu_quadrance_calc.v
Parsing Verilog input from `../../rtl/spu_quadrance_calc.v' to AST representation.
Storing AST representation for module `$abstract\quadrance_calc'.
Successfully finished Verilog frontend.

-- Parsing `../../rtl/spu_gram_controller.v' using frontend ` -vlog2k' --

6. Executing Verilog-2005 frontend: ../../rtl/spu_gram_controller.v
Parsing Verilog input from `../../rtl/spu_gram_controller.v' to AST representation.
Storing AST representation for module `$abstract\spu_gram_controller'.
Successfully finished Verilog frontend.

-- Parsing `../../rtl/spu_dream_log.v' using frontend ` -vlog2k' --

7. Executing Verilog-2005 frontend: ../../rtl/spu_dream_log.v
Parsing Verilog input from `../../rtl/spu_dream_log.v' to AST representation.
Storing AST representation for module `$abstract\spu_dream_log'.
Successfully finished Verilog frontend.

-- Parsing `../../rtl/spu_fractal_compressor.v' using frontend ` -vlog2k' --

8. Executing Verilog-2005 frontend: ../../rtl/spu_fractal_compressor.v
Parsing Verilog input from `../../rtl/spu_fractal_compressor.v' to AST representation.
Storing AST representation for module `$abstract\spu_fractal_compressor'.
Successfully finished Verilog frontend.

-- Parsing `../../rtl/spu_artery.v' using frontend ` -vlog2k' --

9. Executing Verilog-2005 frontend: ../../rtl/spu_artery.v
Parsing Verilog input from `../../rtl/spu_artery.v' to AST representation.
Storing AST representation for module `$abstract\spu_artery'.
Successfully finished Verilog frontend.

-- Parsing `../../rtl/spu_artery_phy.v' using frontend ` -vlog2k' --

10. Executing Verilog-2005 frontend: ../../rtl/spu_artery_phy.v
Parsing Verilog input from `../../rtl/spu_artery_phy.v' to AST representation.
Storing AST representation for module `$abstract\spu_artery_phy'.
Successfully finished Verilog frontend.

-- Parsing `../../rtl/spu_whisper_rx.v' using frontend ` -vlog2k' --

11. Executing Verilog-2005 frontend: ../../rtl/spu_whisper_rx.v
Parsing Verilog input from `../../rtl/spu_whisper_rx.v' to AST representation.
Storing AST representation for module `$abstract\spu_whisper_rx'.
Successfully finished Verilog frontend.

-- Parsing `../../rtl/spu_pwm_audio.v' using frontend ` -vlog2k' --

12. Executing Verilog-2005 frontend: ../../rtl/spu_pwm_audio.v
Parsing Verilog input from `../../rtl/spu_pwm_audio.v' to AST representation.
Storing AST representation for module `$abstract\spu_pwm_audio'.
Successfully finished Verilog frontend.

-- Parsing `../../rtl/spu_harmonic_transducer.v' using frontend ` -vlog2k' --

13. Executing Verilog-2005 frontend: ../../rtl/spu_harmonic_transducer.v
Parsing Verilog input from `../../rtl/spu_harmonic_transducer.v' to AST representation.
Storing AST representation for module `$abstract\spu_harmonic_transducer'.
Successfully finished Verilog frontend.

-- Parsing `../../rtl/spu_oled_visualizer.v' using frontend ` -vlog2k' --

14. Executing Verilog-2005 frontend: ../../rtl/spu_oled_visualizer.v
Parsing Verilog input from `../../rtl/spu_oled_visualizer.v' to AST representation.
Storing AST representation for module `$abstract\spu_oled_visualizer'.
Successfully finished Verilog frontend.

-- Parsing `../../rtl/spu_eink_waveshare_driver.v' using frontend ` -vlog2k' --

15. Executing Verilog-2005 frontend: ../../rtl/spu_eink_waveshare_driver.v
Parsing Verilog input from `../../rtl/spu_eink_waveshare_driver.v' to AST representation.
Storing AST representation for module `$abstract\spu_eink_waveshare_driver'.
Successfully finished Verilog frontend.

-- Parsing `../../rtl/spu_sierpinski_nav.v' using frontend ` -vlog2k' --

16. Executing Verilog-2005 frontend: ../../rtl/spu_sierpinski_nav.v
Parsing Verilog input from `../../rtl/spu_sierpinski_nav.v' to AST representation.
Storing AST representation for module `$abstract\spu_sierpinski_nav'.
Successfully finished Verilog frontend.

-- Parsing `../../rtl/spu_sqr_rotor.v' using frontend ` -vlog2k' --

17. Executing Verilog-2005 frontend: ../../rtl/spu_sqr_rotor.v
Parsing Verilog input from `../../rtl/spu_sqr_rotor.v' to AST representation.
Storing AST representation for module `$abstract\spu_sqr_rotor'.
Successfully finished Verilog frontend.

-- Parsing `../../rtl/spu_ssd1306_driver.v' using frontend ` -vlog2k' --

18. Executing Verilog-2005 frontend: ../../rtl/spu_ssd1306_driver.v
Parsing Verilog input from `../../rtl/spu_ssd1306_driver.v' to AST representation.
Storing AST representation for module `$abstract\spu_ssd1306_driver'.
Successfully finished Verilog frontend.

-- Parsing `../../rtl/uart_tx_mini.v' using frontend ` -vlog2k' --

19. Executing Verilog-2005 frontend: ../../rtl/uart_tx_mini.v
Parsing Verilog input from `../../rtl/uart_tx_mini.v' to AST representation.
Storing AST representation for module `$abstract\uart_tx_mini'.
Successfully finished Verilog frontend.

-- Parsing `../../rtl/uart_rx_mini.v' using frontend ` -vlog2k' --

20. Executing Verilog-2005 frontend: ../../rtl/uart_rx_mini.v
Parsing Verilog input from `../../rtl/uart_rx_mini.v' to AST representation.
Storing AST representation for module `$abstract\uart_rx_mini'.
Successfully finished Verilog frontend.

-- Parsing `../../rtl/surd_uart_tx.v' using frontend ` -vlog2k' --

21. Executing Verilog-2005 frontend: ../../rtl/surd_uart_tx.v
Parsing Verilog input from `../../rtl/surd_uart_tx.v' to AST representation.
Storing AST representation for module `$abstract\surd_uart_tx'.
Successfully finished Verilog frontend.

-- Running command `synth_ice40 -top top -json spu13_cortex.json' --

22. Executing SYNTH_ICE40 pass.

22.1. Executing Verilog-2005 frontend: /Users/johncurley/.apio/packages/oss-cad-suite/libexec/../share/yosys/ice40/cells_sim.v
Parsing Verilog input from `/Users/johncurley/.apio/packages/oss-cad-suite/libexec/../share/yosys/ice40/cells_sim.v' to AST representation.
Generating RTLIL representation for module `\SB_IO'.
Generating RTLIL representation for module `\SB_GB_IO'.
Generating RTLIL representation for module `\SB_GB'.
Generating RTLIL representation for module `\SB_LUT4'.
Generating RTLIL representation for module `\SB_CARRY'.
Generating RTLIL representation for module `\SB_DFF'.
Generating RTLIL representation for module `\SB_DFFE'.
Generating RTLIL representation for module `\SB_DFFSR'.
Generating RTLIL representation for module `\SB_DFFR'.
Generating RTLIL representation for module `\SB_DFFSS'.
Generating RTLIL representation for module `\SB_DFFS'.
Generating RTLIL representation for module `\SB_DFFESR'.
Generating RTLIL representation for module `\SB_DFFER'.
Generating RTLIL representation for module `\SB_DFFESS'.
Generating RTLIL representation for module `\SB_DFFES'.
Generating RTLIL representation for module `\SB_DFFN'.
Generating RTLIL representation for module `\SB_DFFNE'.
Generating RTLIL representation for module `\SB_DFFNSR'.
Generating RTLIL representation for module `\SB_DFFNR'.
Generating RTLIL representation for module `\SB_DFFNSS'.
Generating RTLIL representation for module `\SB_DFFNS'.
Generating RTLIL representation for module `\SB_DFFNESR'.
Generating RTLIL representation for module `\SB_DFFNER'.
Generating RTLIL representation for module `\SB_DFFNESS'.
Generating RTLIL representation for module `\SB_DFFNES'.
Generating RTLIL representation for module `\SB_RAM40_4K'.
Generating RTLIL representation for module `\SB_RAM40_4KNR'.
Generating RTLIL representation for module `\SB_RAM40_4KNW'.
Generating RTLIL representation for module `\SB_RAM40_4KNRNW'.
Generating RTLIL representation for module `\ICESTORM_LC'.
Generating RTLIL representation for module `\SB_PLL40_CORE'.
Generating RTLIL representation for module `\SB_PLL40_PAD'.
Generating RTLIL representation for module `\SB_PLL40_2_PAD'.
Generating RTLIL representation for module `\SB_PLL40_2F_CORE'.
Generating RTLIL representation for module `\SB_PLL40_2F_PAD'.
Generating RTLIL representation for module `\SB_WARMBOOT'.
Generating RTLIL representation for module `\SB_SPRAM256KA'.
Generating RTLIL representation for module `\SB_HFOSC'.
Generating RTLIL representation for module `\SB_LFOSC'.
Generating RTLIL representation for module `\SB_RGBA_DRV'.
Generating RTLIL representation for module `\SB_LED_DRV_CUR'.
Generating RTLIL representation for module `\SB_RGB_DRV'.
Generating RTLIL representation for module `\SB_I2C'.
Generating RTLIL representation for module `\SB_SPI'.
Generating RTLIL representation for module `\SB_LEDDA_IP'.
Generating RTLIL representation for module `\SB_FILTER_50NS'.
Generating RTLIL representation for module `\SB_IO_I3C'.
Generating RTLIL representation for module `\SB_IO_OD'.
Generating RTLIL representation for module `\SB_MAC16'.
Generating RTLIL representation for module `\ICESTORM_RAM'.
Successfully finished Verilog frontend.

22.2. Executing HIERARCHY pass (managing design hierarchy).

22.3. Executing AST frontend in derive mode using pre-parsed AST for module `\top'.
Generating RTLIL representation for module `\top'.

22.3.1. Analyzing design hierarchy..
Top module:  \top
Parameter \CLK_HZ = 12000000
Parameter \BAUD = 115200

22.3.2. Executing AST frontend in derive mode using pre-parsed AST for module `\surd_uart_tx'.
Parameter \CLK_HZ = 12000000
Parameter \BAUD = 115200
Generating RTLIL representation for module `$paramod$ac1dfc5bd50e692283a8fc9365368286267139be\surd_uart_tx'.

22.3.3. Executing AST frontend in derive mode using pre-parsed AST for module `\spu_pwm_audio'.
Generating RTLIL representation for module `\spu_pwm_audio'.

22.3.4. Executing AST frontend in derive mode using pre-parsed AST for module `\spu_ssd1306_driver'.
Generating RTLIL representation for module `\spu_ssd1306_driver'.
Parameter \CLK_HZ = 12000000

22.3.5. Executing AST frontend in derive mode using pre-parsed AST for module `\spu_eink_waveshare_driver'.
Parameter \CLK_HZ = 12000000
Generating RTLIL representation for module `$paramod\spu_eink_waveshare_driver\CLK_HZ=s32'00000000101101110001101100000000'.

22.3.6. Executing AST frontend in derive mode using pre-parsed AST for module `\spu_sierpinski_nav'.
Generating RTLIL representation for module `\spu_sierpinski_nav'.

22.3.7. Executing AST frontend in derive mode using pre-parsed AST for module `\spu_sqr_rotor'.
Generating RTLIL representation for module `\spu_sqr_rotor'.
ERROR: Module `\spu_fractal_clk' referenced in module `\top' in cell `\u_heart' is not part of the design.
