
 /----------------------------------------------------------------------------\
 |  yosys -- Yosys Open SYnthesis Suite                                       |
 |  Copyright (C) 2012 - 2026  Claire Xenia Wolf <claire@yosyshq.com>         |
 |  Distributed under an ISC-like license, type "license" to see terms        |
 \----------------------------------------------------------------------------/
 Yosys 0.63 (git sha1 70a11c6bf0e8dd669f56c7da3587f78b405138e2, clang++ 14.0.0 -fPIC -O3)

-- Executing script file `design_prep.ys' --

1. Executing RTLIL frontend.
Input filename: design.il

2. Executing SCC pass (detecting logic loops).
Found 0 SCCs in module spu13_formal.
Found 0 SCCs.

3. Executing SIMPLEMAP pass (map simple cells to gate primitives).

4. Executing MEMORY_NORDFF pass (extracting $dff cells from memories).

5. Executing ASYNC2SYNC pass.

6. Executing OPT_CLEAN pass (remove unused cells and wires).
Finding unused cells or wires in module \spu13_formal..
Removed 12 unused cells and 12 unused wires.
<suppressed ~13 debug messages>

7. Executing FORMALFF pass.

8. Executing OPT_CLEAN pass (remove unused cells and wires).
Finding unused cells or wires in module \spu13_formal..
Removed 10 unused cells and 10 unused wires.
<suppressed ~11 debug messages>

9. Executing CHECK pass (checking for obvious problems).
Checking module spu13_formal...
Found and reported 0 problems.

10. Executing SETUNDEF pass (replace undef values with defined constants).

11. Executing OPT pass (performing simple optimizations).

11.1. Executing OPT_EXPR pass (perform const folding).
Optimizing module spu13_formal.

11.2. Executing OPT_MERGE pass (detect identical cells).
Finding identical cells in module `\spu13_formal'.
Computing hashes of 29 cells of `\spu13_formal'.
Finding duplicate cells in `\spu13_formal'.
Computing hashes of 27 cells of `\spu13_formal'.
Finding duplicate cells in `\spu13_formal'.
<suppressed ~6 debug messages>
Removed a total of 2 cells.

11.3. Executing OPT_DFF pass (perform DFF optimizations).
Setting constant 1-bit at position 0 on $auto$async2sync.cc:118:execute$68 ($ff) from module spu13_formal.

11.4. Executing OPT_CLEAN pass (remove unused cells and wires).
Finding unused cells or wires in module \spu13_formal..
Removed 0 unused cells and 3 unused wires.
<suppressed ~1 debug messages>

11.5. Rerunning OPT passes. (Removed registers in this run.)

11.6. Executing OPT_EXPR pass (perform const folding).
Optimizing module spu13_formal.

11.7. Executing OPT_MERGE pass (detect identical cells).
Finding identical cells in module `\spu13_formal'.
Computing hashes of 26 cells of `\spu13_formal'.
Finding duplicate cells in `\spu13_formal'.
Removed a total of 0 cells.

11.8. Executing OPT_DFF pass (perform DFF optimizations).

11.9. Executing OPT_CLEAN pass (remove unused cells and wires).
Finding unused cells or wires in module \spu13_formal..

11.10. Finished fast OPT passes.

12. Executing OPT_CLEAN pass (remove unused cells and wires).
Finding unused cells or wires in module \spu13_formal..

13. Executing RTLIL backend.
Output filename: ../model/design_prep.il

End of script. Logfile hash: 92a1a1acf8, CPU: user 0.04s system 0.01s, MEM: 6.43 MB peak
Yosys 0.63 (git sha1 70a11c6bf0e8dd669f56c7da3587f78b405138e2, clang++ 14.0.0 -fPIC -O3)
Time spent: 40% 5x opt_clean (0 sec), 13% 2x opt_expr (0 sec), ...
