
 /----------------------------------------------------------------------------\
 |  yosys -- Yosys Open SYnthesis Suite                                       |
 |  Copyright (C) 2012 - 2026  Claire Xenia Wolf <claire@yosyshq.com>         |
 |  Distributed under an ISC-like license, type "license" to see terms        |
 \----------------------------------------------------------------------------/
 Yosys 0.61+112 (git sha1 ac427a79b-dirty, x86_64-apple-darwin23.5-clang++ 18.1.8 -fPIC -O3)

-- Parsing `top.v' using frontend ` -vlog2k' --

1. Executing Verilog-2005 frontend: top.v
Parsing Verilog input from `top.v' to AST representation.
Storing AST representation for module `$abstract\spu13_fluid_nano'.
Successfully finished Verilog frontend.

-- Parsing `../../rtl/spu_nano_core.v' using frontend ` -vlog2k' --

2. Executing Verilog-2005 frontend: ../../rtl/spu_nano_core.v
Parsing Verilog input from `../../rtl/spu_nano_core.v' to AST representation.
Storing AST representation for module `$abstract\spu_nano_core'.
Successfully finished Verilog frontend.

-- Parsing `../../rtl/spu_serial_davis_gate.v' using frontend ` -vlog2k' --

3. Executing Verilog-2005 frontend: ../../rtl/spu_serial_davis_gate.v
Parsing Verilog input from `../../rtl/spu_serial_davis_gate.v' to AST representation.
Storing AST representation for module `$abstract\spu_serial_davis_gate'.
Successfully finished Verilog frontend.

-- Parsing `../../rtl/spu_serial_multiplier.v' using frontend ` -vlog2k' --

4. Executing Verilog-2005 frontend: ../../rtl/spu_serial_multiplier.v
Parsing Verilog input from `../../rtl/spu_serial_multiplier.v' to AST representation.
Storing AST representation for module `$abstract\spu_serial_multiplier'.
Successfully finished Verilog frontend.

-- Parsing `../../rtl/surd_uart_tx.v' using frontend ` -vlog2k' --

5. Executing Verilog-2005 frontend: ../../rtl/surd_uart_tx.v
Parsing Verilog input from `../../rtl/surd_uart_tx.v' to AST representation.
Storing AST representation for module `$abstract\surd_uart_tx'.
Successfully finished Verilog frontend.

-- Running command `synth_ice40 -top spu13_fluid_nano -json spu13_nano_seed.json' --

6. Executing SYNTH_ICE40 pass.

6.1. Executing Verilog-2005 frontend: /Users/johncurley/.apio/packages/oss-cad-suite/libexec/../share/yosys/ice40/cells_sim.v
Parsing Verilog input from `/Users/johncurley/.apio/packages/oss-cad-suite/libexec/../share/yosys/ice40/cells_sim.v' to AST representation.
Generating RTLIL representation for module `\SB_IO'.
Generating RTLIL representation for module `\SB_GB_IO'.
Generating RTLIL representation for module `\SB_GB'.
Generating RTLIL representation for module `\SB_LUT4'.
Generating RTLIL representation for module `\SB_CARRY'.
Generating RTLIL representation for module `\SB_DFF'.
Generating RTLIL representation for module `\SB_DFFE'.
Generating RTLIL representation for module `\SB_DFFSR'.
Generating RTLIL representation for module `\SB_DFFR'.
Generating RTLIL representation for module `\SB_DFFSS'.
Generating RTLIL representation for module `\SB_DFFS'.
Generating RTLIL representation for module `\SB_DFFESR'.
Generating RTLIL representation for module `\SB_DFFER'.
Generating RTLIL representation for module `\SB_DFFESS'.
Generating RTLIL representation for module `\SB_DFFES'.
Generating RTLIL representation for module `\SB_DFFN'.
Generating RTLIL representation for module `\SB_DFFNE'.
Generating RTLIL representation for module `\SB_DFFNSR'.
Generating RTLIL representation for module `\SB_DFFNR'.
Generating RTLIL representation for module `\SB_DFFNSS'.
Generating RTLIL representation for module `\SB_DFFNS'.
Generating RTLIL representation for module `\SB_DFFNESR'.
Generating RTLIL representation for module `\SB_DFFNER'.
Generating RTLIL representation for module `\SB_DFFNESS'.
Generating RTLIL representation for module `\SB_DFFNES'.
Generating RTLIL representation for module `\SB_RAM40_4K'.
Generating RTLIL representation for module `\SB_RAM40_4KNR'.
Generating RTLIL representation for module `\SB_RAM40_4KNW'.
Generating RTLIL representation for module `\SB_RAM40_4KNRNW'.
Generating RTLIL representation for module `\ICESTORM_LC'.
Generating RTLIL representation for module `\SB_PLL40_CORE'.
Generating RTLIL representation for module `\SB_PLL40_PAD'.
Generating RTLIL representation for module `\SB_PLL40_2_PAD'.
Generating RTLIL representation for module `\SB_PLL40_2F_CORE'.
Generating RTLIL representation for module `\SB_PLL40_2F_PAD'.
Generating RTLIL representation for module `\SB_WARMBOOT'.
Generating RTLIL representation for module `\SB_SPRAM256KA'.
Generating RTLIL representation for module `\SB_HFOSC'.
Generating RTLIL representation for module `\SB_LFOSC'.
Generating RTLIL representation for module `\SB_RGBA_DRV'.
Generating RTLIL representation for module `\SB_LED_DRV_CUR'.
Generating RTLIL representation for module `\SB_RGB_DRV'.
Generating RTLIL representation for module `\SB_I2C'.
Generating RTLIL representation for module `\SB_SPI'.
Generating RTLIL representation for module `\SB_LEDDA_IP'.
Generating RTLIL representation for module `\SB_FILTER_50NS'.
Generating RTLIL representation for module `\SB_IO_I3C'.
Generating RTLIL representation for module `\SB_IO_OD'.
Generating RTLIL representation for module `\SB_MAC16'.
Generating RTLIL representation for module `\ICESTORM_RAM'.
Successfully finished Verilog frontend.

6.2. Executing HIERARCHY pass (managing design hierarchy).

6.3. Executing AST frontend in derive mode using pre-parsed AST for module `\spu13_fluid_nano'.
Generating RTLIL representation for module `\spu13_fluid_nano'.

6.3.1. Analyzing design hierarchy..
Top module:  \spu13_fluid_nano
Parameter \CLK_HZ = 12000000
Parameter \BAUD = 115200

6.3.2. Executing AST frontend in derive mode using pre-parsed AST for module `\surd_uart_tx'.
Parameter \CLK_HZ = 12000000
Parameter \BAUD = 115200
Generating RTLIL representation for module `$paramod$ac1dfc5bd50e692283a8fc9365368286267139be\surd_uart_tx'.

6.3.3. Executing AST frontend in derive mode using pre-parsed AST for module `\spu_nano_core'.
Generating RTLIL representation for module `\spu_nano_core'.
Parameter \TAU_Q = 1024

6.3.4. Executing AST frontend in derive mode using pre-parsed AST for module `\spu_serial_davis_gate'.
Parameter \TAU_Q = 1024
Generating RTLIL representation for module `$paramod\spu_serial_davis_gate\TAU_Q=32'00000000000000000000010000000000'.
Reprocessing module spu13_fluid_nano because instantiated module $paramod\spu_serial_davis_gate\TAU_Q=32'00000000000000000000010000000000 has become available.
Generating RTLIL representation for module `\spu13_fluid_nano'.

6.3.5. Analyzing design hierarchy..
Top module:  \spu13_fluid_nano
Used module:     \spu_nano_core
Parameter \CLK_HZ = 12000000
Parameter \BAUD = 115200
Found cached RTLIL representation for module `$paramod$ac1dfc5bd50e692283a8fc9365368286267139be\surd_uart_tx'.
Parameter \TAU_Q = 1024
Found cached RTLIL representation for module `$paramod\spu_serial_davis_gate\TAU_Q=32'00000000000000000000010000000000'.
ERROR: Module `\spu_davis_gate' referenced in module `\spu_nano_core' in cell `\u_gate' is not part of the design.
