
 /----------------------------------------------------------------------------\
 |  yosys -- Yosys Open SYnthesis Suite                                       |
 |  Copyright (C) 2012 - 2026  Claire Xenia Wolf <claire@yosyshq.com>         |
 |  Distributed under an ISC-like license, type "license" to see terms        |
 \----------------------------------------------------------------------------/
 Yosys 0.61+112 (git sha1 ac427a79b-dirty, x86_64-apple-darwin23.5-clang++ 18.1.8 -fPIC -O3)

-- Running command `read_verilog -sv spu13_tang_nano_sovereign.v     ../../core/spu13_decoder.v     ../../core/vector_to_parabola.v     ../../core/uart_rx_mini.v; synth_gowin -top spu13_tang_nano_sovereign -json spu13_sovereign_gowin.json' --

1. Executing Verilog-2005 frontend: spu13_tang_nano_sovereign.v
Parsing SystemVerilog input from `spu13_tang_nano_sovereign.v' to AST representation.
Generating RTLIL representation for module `\spu13_tang_nano_sovereign'.
Successfully finished Verilog frontend.

2. Executing Verilog-2005 frontend: ../../core/spu13_decoder.v
Parsing SystemVerilog input from `../../core/spu13_decoder.v' to AST representation.
Generating RTLIL representation for module `\spu13_decoder'.
Successfully finished Verilog frontend.

3. Executing Verilog-2005 frontend: ../../core/vector_to_parabola.v
Parsing SystemVerilog input from `../../core/vector_to_parabola.v' to AST representation.
Generating RTLIL representation for module `\vector_to_parabola'.
Successfully finished Verilog frontend.

4. Executing Verilog-2005 frontend: ../../core/uart_rx_mini.v
Parsing SystemVerilog input from `../../core/uart_rx_mini.v' to AST representation.
Generating RTLIL representation for module `\uart_rx_mini'.
Successfully finished Verilog frontend.

5. Executing SYNTH_GOWIN pass.

5.1. Executing Verilog-2005 frontend: /Users/johncurley/.apio/packages/oss-cad-suite/libexec/../share/yosys/gowin/cells_sim.v
Parsing Verilog input from `/Users/johncurley/.apio/packages/oss-cad-suite/libexec/../share/yosys/gowin/cells_sim.v' to AST representation.
Generating RTLIL representation for module `\LUT1'.
Generating RTLIL representation for module `\LUT2'.
Generating RTLIL representation for module `\LUT3'.
Generating RTLIL representation for module `\LUT4'.
Generating RTLIL representation for module `\__APICULA_LUT5'.
Generating RTLIL representation for module `\__APICULA_LUT6'.
Generating RTLIL representation for module `\__APICULA_LUT7'.
Generating RTLIL representation for module `\__APICULA_LUT8'.
Generating RTLIL representation for module `\MUX2'.
Generating RTLIL representation for module `\MUX2_LUT5'.
Generating RTLIL representation for module `\MUX2_LUT6'.
Generating RTLIL representation for module `\MUX2_LUT7'.
Generating RTLIL representation for module `\MUX2_LUT8'.
Generating RTLIL representation for module `\DFF'.
Generating RTLIL representation for module `\DFFE'.
Generating RTLIL representation for module `\DFFS'.
Generating RTLIL representation for module `\DFFSE'.
Generating RTLIL representation for module `\DFFR'.
Generating RTLIL representation for module `\DFFRE'.
Generating RTLIL representation for module `\DFFP'.
Generating RTLIL representation for module `\DFFPE'.
Generating RTLIL representation for module `\DFFC'.
Generating RTLIL representation for module `\DFFCE'.
Generating RTLIL representation for module `\DFFN'.
Generating RTLIL representation for module `\DFFNE'.
Generating RTLIL representation for module `\DFFNS'.
Generating RTLIL representation for module `\DFFNSE'.
Generating RTLIL representation for module `\DFFNR'.
Generating RTLIL representation for module `\DFFNRE'.
Generating RTLIL representation for module `\DFFNP'.
Generating RTLIL representation for module `\DFFNPE'.
Generating RTLIL representation for module `\DFFNC'.
Generating RTLIL representation for module `\DFFNCE'.
Generating RTLIL representation for module `\VCC'.
Generating RTLIL representation for module `\GND'.
Generating RTLIL representation for module `\IBUF'.
Generating RTLIL representation for module `\OBUF'.
Generating RTLIL representation for module `\TBUF'.
Generating RTLIL representation for module `\IOBUF'.
Generating RTLIL representation for module `\ELVDS_OBUF'.
Generating RTLIL representation for module `\TLVDS_OBUF'.
Generating RTLIL representation for module `\OSER4'.
Generating RTLIL representation for module `\OSER4_MEM'.
Generating RTLIL representation for module `\OSER8'.
Generating RTLIL representation for module `\OSER10'.
Generating RTLIL representation for module `\OVIDEO'.
Generating RTLIL representation for module `\OSER16'.
Generating RTLIL representation for module `\IDES4'.
Generating RTLIL representation for module `\IDES4_MEM'.
Generating RTLIL representation for module `\IDES8'.
Generating RTLIL representation for module `\IDES10'.
Generating RTLIL representation for module `\IVIDEO'.
Generating RTLIL representation for module `\IDES16'.
Generating RTLIL representation for module `\IDDR'.
Generating RTLIL representation for module `\IDDRC'.
Generating RTLIL representation for module `\DQS'.
Generating RTLIL representation for module `\ODDR'.
Generating RTLIL representation for module `\ODDRC'.
Generating RTLIL representation for module `\GSR'.
Generating RTLIL representation for module `\BANDGAP'.
Generating RTLIL representation for module `\ALU'.
Generating RTLIL representation for module `\RAM16S1'.
Generating RTLIL representation for module `\RAM16S2'.
Generating RTLIL representation for module `\RAM16S4'.
Generating RTLIL representation for module `\RAM16SDP1'.
Generating RTLIL representation for module `\RAM16SDP2'.
Generating RTLIL representation for module `\RAM16SDP4'.
Generating RTLIL representation for module `\SP'.
Generating RTLIL representation for module `\SPX9'.
Generating RTLIL representation for module `\SDP'.
Generating RTLIL representation for module `\SDPX9'.
Generating RTLIL representation for module `\DP'.
Generating RTLIL representation for module `\DPX9'.
Generating RTLIL representation for module `\rPLL'.
Generating RTLIL representation for module `\PLLVR'.
Generating RTLIL representation for module `\OSC'.
Generating RTLIL representation for module `\OSCZ'.
Generating RTLIL representation for module `\OSCF'.
Generating RTLIL representation for module `\OSCH'.
Generating RTLIL representation for module `\OSCW'.
Generating RTLIL representation for module `\OSCO'.
Generating RTLIL representation for module `\EMCU'.
Successfully finished Verilog frontend.

5.2. Executing Verilog-2005 frontend: /Users/johncurley/.apio/packages/oss-cad-suite/libexec/../share/yosys/gowin/cells_xtra_gw1n.v
Parsing Verilog input from `/Users/johncurley/.apio/packages/oss-cad-suite/libexec/../share/yosys/gowin/cells_xtra_gw1n.v' to AST representation.
Generating RTLIL representation for module `\LUT5'.
Generating RTLIL representation for module `\LUT6'.
Generating RTLIL representation for module `\LUT7'.
Generating RTLIL representation for module `\LUT8'.
Generating RTLIL representation for module `\INV'.
Generating RTLIL representation for module `\IODELAY'.
Generating RTLIL representation for module `\IEM'.
Generating RTLIL representation for module `\ROM16'.
Generating RTLIL representation for module `\ROM'.
Generating RTLIL representation for module `\ROMX9'.
Generating RTLIL representation for module `\pROM'.
Generating RTLIL representation for module `\pROMX9'.
Generating RTLIL representation for module `\SDPB'.
Generating RTLIL representation for module `\SDPX9B'.
Generating RTLIL representation for module `\DPB'.
Generating RTLIL representation for module `\DPX9B'.
Generating RTLIL representation for module `\PADD18'.
Generating RTLIL representation for module `\PADD9'.
Generating RTLIL representation for module `\MULT9X9'.
Generating RTLIL representation for module `\MULT18X18'.
Generating RTLIL representation for module `\MULT36X36'.
Generating RTLIL representation for module `\MULTALU36X18'.
Generating RTLIL representation for module `\MULTADDALU18X18'.
Generating RTLIL representation for module `\MULTALU18X18'.
Generating RTLIL representation for module `\ALU54D'.
Generating RTLIL representation for module `\BUFG'.
Generating RTLIL representation for module `\BUFS'.
Generating RTLIL representation for module `\PLL'.
Generating RTLIL representation for module `\TLVDS_IBUF'.
Generating RTLIL representation for module `\TLVDS_TBUF'.
Generating RTLIL representation for module `\TLVDS_IOBUF'.
Generating RTLIL representation for module `\ELVDS_IBUF'.
Generating RTLIL representation for module `\ELVDS_TBUF'.
Generating RTLIL representation for module `\ELVDS_IOBUF'.
Generating RTLIL representation for module `\MIPI_IBUF'.
Generating RTLIL representation for module `\MIPI_IBUF_HS'.
Generating RTLIL representation for module `\MIPI_IBUF_LP'.
Generating RTLIL representation for module `\MIPI_OBUF'.
Generating RTLIL representation for module `\MIPI_OBUF_A'.
Generating RTLIL representation for module `\ELVDS_IBUF_MIPI'.
Generating RTLIL representation for module `\I3C_IOBUF'.
Generating RTLIL representation for module `\CLKDIV'.
Generating RTLIL representation for module `\DHCEN'.
Generating RTLIL representation for module `\DLLDLY'.
Generating RTLIL representation for module `\FLASH96K'.
Generating RTLIL representation for module `\FLASH256K'.
Generating RTLIL representation for module `\FLASH608K'.
Generating RTLIL representation for module `\DCS'.
Generating RTLIL representation for module `\DQCE'.
Generating RTLIL representation for module `\CLKDIV2'.
Generating RTLIL representation for module `\DHCENC'.
Generating RTLIL representation for module `\FLASH64K'.
Generating RTLIL representation for module `\FLASH64KZ'.
Successfully finished Verilog frontend.

5.3. Executing HIERARCHY pass (managing design hierarchy).

5.3.1. Analyzing design hierarchy..
Top module:  \spu13_tang_nano_sovereign
Used module:     \vector_to_parabola
Used module:     \spu13_decoder
Used module:     \uart_rx_mini
Parameter \CLK_HZ = 27000000
Parameter \BAUD = 115200

5.3.2. Executing AST frontend in derive mode using pre-parsed AST for module `\uart_rx_mini'.
Parameter \CLK_HZ = 27000000
Parameter \BAUD = 115200
Generating RTLIL representation for module `$paramod$2c77d4c76d086e54f07b14b3885789884f559221\uart_rx_mini'.

5.3.3. Analyzing design hierarchy..
Top module:  \spu13_tang_nano_sovereign
Used module:     \vector_to_parabola
Used module:     \spu13_decoder
Used module:     $paramod$2c77d4c76d086e54f07b14b3885789884f559221\uart_rx_mini

5.3.4. Analyzing design hierarchy..
Top module:  \spu13_tang_nano_sovereign
Used module:     \vector_to_parabola
Used module:     \spu13_decoder
Used module:     $paramod$2c77d4c76d086e54f07b14b3885789884f559221\uart_rx_mini
Removing unused module `\uart_rx_mini'.
Removed 1 unused modules.

5.4. Executing PROC pass (convert processes to netlists).

5.4.1. Executing PROC_CLEAN pass (remove empty switches from decision trees).
Cleaned up 0 empty switches.

5.4.2. Executing PROC_RMDEAD pass (remove dead branches from decision trees).
Marked 5 switch rules as full_case in process $proc$../../core/uart_rx_mini.v:16$404 in module $paramod$2c77d4c76d086e54f07b14b3885789884f559221\uart_rx_mini.
Marked 2 switch rules as full_case in process $proc$../../core/vector_to_parabola.v:19$27 in module vector_to_parabola.
Marked 2 switch rules as full_case in process $proc$../../core/spu13_decoder.v:21$23 in module spu13_decoder.
Marked 3 switch rules as full_case in process $proc$spu13_tang_nano_sovereign.v:82$8 in module spu13_tang_nano_sovereign.
Marked 2 switch rules as full_case in process $proc$spu13_tang_nano_sovereign.v:39$1 in module spu13_tang_nano_sovereign.
Removed a total of 0 dead cases.

5.4.3. Executing PROC_PRUNE pass (remove redundant assignments in processes).
Removed 6 redundant assignments.
Promoted 6 assignments to connections.

5.4.4. Executing PROC_INIT pass (extract init attributes).
Found init rule in `$paramod$2c77d4c76d086e54f07b14b3885789884f559221\uart_rx_mini.$proc$../../core/uart_rx_mini.v:13$430'.
  Set init value: \cycle_cnt = 16'0000000000000000
Found init rule in `$paramod$2c77d4c76d086e54f07b14b3885789884f559221\uart_rx_mini.$proc$../../core/uart_rx_mini.v:12$429'.
  Set init value: \bit_index = 4'0000

5.4.5. Executing PROC_ARST pass (detect async resets in processes).
Found async reset \reset in `\vector_to_parabola.$proc$../../core/vector_to_parabola.v:19$27'.
Found async reset \reset in `\spu13_decoder.$proc$../../core/spu13_decoder.v:21$23'.
Found async reset \rst_n in `\spu13_tang_nano_sovereign.$proc$spu13_tang_nano_sovereign.v:82$8'.
Found async reset \rst_n in `\spu13_tang_nano_sovereign.$proc$spu13_tang_nano_sovereign.v:39$1'.

5.4.6. Executing PROC_ROM pass (convert switches to ROMs).
Converted 0 switches.
<suppressed ~11 debug messages>

5.4.7. Executing PROC_MUX pass (convert decision trees to multiplexers).
Creating decoders for process `$paramod$2c77d4c76d086e54f07b14b3885789884f559221\uart_rx_mini.$proc$../../core/uart_rx_mini.v:13$430'.
Creating decoders for process `$paramod$2c77d4c76d086e54f07b14b3885789884f559221\uart_rx_mini.$proc$../../core/uart_rx_mini.v:12$429'.
Creating decoders for process `$paramod$2c77d4c76d086e54f07b14b3885789884f559221\uart_rx_mini.$proc$../../core/uart_rx_mini.v:16$404'.
     1/10: $3$lookahead\shift_reg$403[7:0]$419
     2/10: $3$bitselwrite$pos$../../core/uart_rx_mini.v:33$402[31:0]$418
     3/10: $2$lookahead\shift_reg$403[7:0]$415
     4/10: $2$bitselwrite$pos$../../core/uart_rx_mini.v:33$402[31:0]$414
     5/10: $0\cycle_cnt[15:0]
     6/10: $1$lookahead\shift_reg$403[7:0]$409
     7/10: $1$bitselwrite$pos$../../core/uart_rx_mini.v:33$402[31:0]$408
     8/10: $0\rx_ready[0:0]
     9/10: $0\bit_index[3:0]
    10/10: $0\rx_data[7:0]
Creating decoders for process `\vector_to_parabola.$proc$../../core/vector_to_parabola.v:19$27'.
     1/2: $0\pixel_out[7:0]
     2/2: $0\dist_sq[15:0]
Creating decoders for process `\spu13_decoder.$proc$../../core/spu13_decoder.v:21$23'.
     1/7: $0\trigger_draw[0:0]
     2/7: $0\energy[7:0]
     3/7: $0\q_d[11:0]
     4/7: $0\q_c[11:0]
     5/7: $0\q_b[11:0]
     6/7: $0\q_a[11:0]
     7/7: $0\opcode[7:0]
Creating decoders for process `\spu13_tang_nano_sovereign.$proc$spu13_tang_nano_sovereign.v:82$8'.
     1/2: $0\h_cnt[9:0]
     2/2: $0\v_cnt[9:0]
Creating decoders for process `\spu13_tang_nano_sovereign.$proc$spu13_tang_nano_sovereign.v:78$6'.
Creating decoders for process `\spu13_tang_nano_sovereign.$proc$spu13_tang_nano_sovereign.v:39$1'.
     1/3: $0\word_ready[0:0]
     2/3: $0\byte_cnt[2:0]
     3/3: $0\sovereign_word[63:0]

5.4.8. Executing PROC_DLATCH pass (convert process syncs to latches).

5.4.9. Executing PROC_DFF pass (convert process syncs to FFs).
Creating register for signal `$paramod$2c77d4c76d086e54f07b14b3885789884f559221\uart_rx_mini.\rx_data' using process `$paramod$2c77d4c76d086e54f07b14b3885789884f559221\uart_rx_mini.$proc$../../core/uart_rx_mini.v:16$404'.
  created $dff cell `$procdff$557' with positive edge clock.
Creating register for signal `$paramod$2c77d4c76d086e54f07b14b3885789884f559221\uart_rx_mini.\rx_ready' using process `$paramod$2c77d4c76d086e54f07b14b3885789884f559221\uart_rx_mini.$proc$../../core/uart_rx_mini.v:16$404'.
  created $dff cell `$procdff$558' with positive edge clock.
Creating register for signal `$paramod$2c77d4c76d086e54f07b14b3885789884f559221\uart_rx_mini.\bit_index' using process `$paramod$2c77d4c76d086e54f07b14b3885789884f559221\uart_rx_mini.$proc$../../core/uart_rx_mini.v:16$404'.
  created $dff cell `$procdff$559' with positive edge clock.
Creating register for signal `$paramod$2c77d4c76d086e54f07b14b3885789884f559221\uart_rx_mini.\cycle_cnt' using process `$paramod$2c77d4c76d086e54f07b14b3885789884f559221\uart_rx_mini.$proc$../../core/uart_rx_mini.v:16$404'.
  created $dff cell `$procdff$560' with positive edge clock.
Creating register for signal `$paramod$2c77d4c76d086e54f07b14b3885789884f559221\uart_rx_mini.\shift_reg' using process `$paramod$2c77d4c76d086e54f07b14b3885789884f559221\uart_rx_mini.$proc$../../core/uart_rx_mini.v:16$404'.
  created $dff cell `$procdff$561' with positive edge clock.
Creating register for signal `$paramod$2c77d4c76d086e54f07b14b3885789884f559221\uart_rx_mini.$bitselwrite$pos$../../core/uart_rx_mini.v:33$402' using process `$paramod$2c77d4c76d086e54f07b14b3885789884f559221\uart_rx_mini.$proc$../../core/uart_rx_mini.v:16$404'.
  created $dff cell `$procdff$562' with positive edge clock.
Creating register for signal `$paramod$2c77d4c76d086e54f07b14b3885789884f559221\uart_rx_mini.$lookahead\shift_reg$403' using process `$paramod$2c77d4c76d086e54f07b14b3885789884f559221\uart_rx_mini.$proc$../../core/uart_rx_mini.v:16$404'.
  created $dff cell `$procdff$563' with positive edge clock.
Creating register for signal `\vector_to_parabola.\pixel_out' using process `\vector_to_parabola.$proc$../../core/vector_to_parabola.v:19$27'.
  created $adff cell `$procdff$566' with positive edge clock and positive level reset.
Creating register for signal `\vector_to_parabola.\dist_sq' using process `\vector_to_parabola.$proc$../../core/vector_to_parabola.v:19$27'.
  created $adff cell `$procdff$569' with positive edge clock and positive level reset.
Creating register for signal `\spu13_decoder.\opcode' using process `\spu13_decoder.$proc$../../core/spu13_decoder.v:21$23'.
  created $adff cell `$procdff$572' with positive edge clock and positive level reset.
Creating register for signal `\spu13_decoder.\q_a' using process `\spu13_decoder.$proc$../../core/spu13_decoder.v:21$23'.
  created $adff cell `$procdff$575' with positive edge clock and positive level reset.
Creating register for signal `\spu13_decoder.\q_b' using process `\spu13_decoder.$proc$../../core/spu13_decoder.v:21$23'.
  created $adff cell `$procdff$578' with positive edge clock and positive level reset.
Creating register for signal `\spu13_decoder.\q_c' using process `\spu13_decoder.$proc$../../core/spu13_decoder.v:21$23'.
  created $adff cell `$procdff$581' with positive edge clock and positive level reset.
Creating register for signal `\spu13_decoder.\q_d' using process `\spu13_decoder.$proc$../../core/spu13_decoder.v:21$23'.
  created $adff cell `$procdff$584' with positive edge clock and positive level reset.
Creating register for signal `\spu13_decoder.\energy' using process `\spu13_decoder.$proc$../../core/spu13_decoder.v:21$23'.
  created $adff cell `$procdff$587' with positive edge clock and positive level reset.
Creating register for signal `\spu13_decoder.\trigger_draw' using process `\spu13_decoder.$proc$../../core/spu13_decoder.v:21$23'.
  created $adff cell `$procdff$590' with positive edge clock and positive level reset.
Creating register for signal `\spu13_tang_nano_sovereign.\h_cnt' using process `\spu13_tang_nano_sovereign.$proc$spu13_tang_nano_sovereign.v:82$8'.
  created $adff cell `$procdff$595' with positive edge clock and positive level reset.
Creating register for signal `\spu13_tang_nano_sovereign.\v_cnt' using process `\spu13_tang_nano_sovereign.$proc$spu13_tang_nano_sovereign.v:82$8'.
  created $adff cell `$procdff$600' with positive edge clock and positive level reset.
Creating register for signal `\spu13_tang_nano_sovereign.\clk_div' using process `\spu13_tang_nano_sovereign.$proc$spu13_tang_nano_sovereign.v:78$6'.
  created $dff cell `$procdff$601' with positive edge clock.
Creating register for signal `\spu13_tang_nano_sovereign.\sovereign_word' using process `\spu13_tang_nano_sovereign.$proc$spu13_tang_nano_sovereign.v:39$1'.
  created $adff cell `$procdff$606' with positive edge clock and positive level reset.
Creating register for signal `\spu13_tang_nano_sovereign.\byte_cnt' using process `\spu13_tang_nano_sovereign.$proc$spu13_tang_nano_sovereign.v:39$1'.
  created $adff cell `$procdff$611' with positive edge clock and positive level reset.
Creating register for signal `\spu13_tang_nano_sovereign.\word_ready' using process `\spu13_tang_nano_sovereign.$proc$spu13_tang_nano_sovereign.v:39$1'.
  created $adff cell `$procdff$616' with positive edge clock and positive level reset.

5.4.10. Executing PROC_MEMWR pass (convert process memory writes to cells).

5.4.11. Executing PROC_CLEAN pass (remove empty switches from decision trees).
Removing empty process `$paramod$2c77d4c76d086e54f07b14b3885789884f559221\uart_rx_mini.$proc$../../core/uart_rx_mini.v:13$430'.
Removing empty process `$paramod$2c77d4c76d086e54f07b14b3885789884f559221\uart_rx_mini.$proc$../../core/uart_rx_mini.v:12$429'.
Found and cleaned up 5 empty switches in `$paramod$2c77d4c76d086e54f07b14b3885789884f559221\uart_rx_mini.$proc$../../core/uart_rx_mini.v:16$404'.
Removing empty process `$paramod$2c77d4c76d086e54f07b14b3885789884f559221\uart_rx_mini.$proc$../../core/uart_rx_mini.v:16$404'.
Found and cleaned up 1 empty switch in `\vector_to_parabola.$proc$../../core/vector_to_parabola.v:19$27'.
Removing empty process `vector_to_parabola.$proc$../../core/vector_to_parabola.v:19$27'.
Found and cleaned up 1 empty switch in `\spu13_decoder.$proc$../../core/spu13_decoder.v:21$23'.
Removing empty process `spu13_decoder.$proc$../../core/spu13_decoder.v:21$23'.
Found and cleaned up 2 empty switches in `\spu13_tang_nano_sovereign.$proc$spu13_tang_nano_sovereign.v:82$8'.
Removing empty process `spu13_tang_nano_sovereign.$proc$spu13_tang_nano_sovereign.v:82$8'.
Removing empty process `spu13_tang_nano_sovereign.$proc$spu13_tang_nano_sovereign.v:78$6'.
Found and cleaned up 2 empty switches in `\spu13_tang_nano_sovereign.$proc$spu13_tang_nano_sovereign.v:39$1'.
Removing empty process `spu13_tang_nano_sovereign.$proc$spu13_tang_nano_sovereign.v:39$1'.
Cleaned up 11 empty switches.

5.4.12. Executing OPT_EXPR pass (perform const folding).
Optimizing module $paramod$2c77d4c76d086e54f07b14b3885789884f559221\uart_rx_mini.
<suppressed ~4 debug messages>
Optimizing module vector_to_parabola.
<suppressed ~4 debug messages>
Optimizing module spu13_decoder.
<suppressed ~7 debug messages>
Optimizing module spu13_tang_nano_sovereign.
<suppressed ~10 debug messages>

5.5. Executing FLATTEN pass (flatten design).
Deleting now unused module $paramod$2c77d4c76d086e54f07b14b3885789884f559221\uart_rx_mini.
Deleting now unused module vector_to_parabola.
Deleting now unused module spu13_decoder.
<suppressed ~3 debug messages>

5.6. Executing TRIBUF pass.

5.7. Executing DEMINOUT pass (demote inout ports to input or output).

5.8. Executing SYNTH pass.

5.8.1. Executing PROC pass (convert processes to netlists).

5.8.1.1. Executing PROC_CLEAN pass (remove empty switches from decision trees).
Cleaned up 0 empty switches.

5.8.1.2. Executing PROC_RMDEAD pass (remove dead branches from decision trees).
Removed a total of 0 dead cases.

5.8.1.3. Executing PROC_PRUNE pass (remove redundant assignments in processes).
Removed 0 redundant assignments.
Promoted 0 assignments to connections.

5.8.1.4. Executing PROC_INIT pass (extract init attributes).

5.8.1.5. Executing PROC_ARST pass (detect async resets in processes).

5.8.1.6. Executing PROC_ROM pass (convert switches to ROMs).
Converted 0 switches.

5.8.1.7. Executing PROC_MUX pass (convert decision trees to multiplexers).

5.8.1.8. Executing PROC_DLATCH pass (convert process syncs to latches).

5.8.1.9. Executing PROC_DFF pass (convert process syncs to FFs).

5.8.1.10. Executing PROC_MEMWR pass (convert process memory writes to cells).

5.8.1.11. Executing PROC_CLEAN pass (remove empty switches from decision trees).
Cleaned up 0 empty switches.

5.8.1.12. Executing OPT_EXPR pass (perform const folding).
Optimizing module spu13_tang_nano_sovereign.
<suppressed ~10 debug messages>

5.8.2. Executing OPT_EXPR pass (perform const folding).
Optimizing module spu13_tang_nano_sovereign.

5.8.3. Executing OPT_CLEAN pass (remove unused cells and wires).
Finding unused cells or wires in module \spu13_tang_nano_sovereign..
Removed 33 unused cells and 136 unused wires.
<suppressed ~48 debug messages>

5.8.4. Executing CHECK pass (checking for obvious problems).
Checking module spu13_tang_nano_sovereign...
Found and reported 0 problems.

5.8.5. Executing OPT pass (performing simple optimizations).

5.8.5.1. Executing OPT_EXPR pass (perform const folding).
Optimizing module spu13_tang_nano_sovereign.

5.8.5.2. Executing OPT_MERGE pass (detect identical cells).
Finding identical cells in module `\spu13_tang_nano_sovereign'.
Computing hashes of 82 cells of `\spu13_tang_nano_sovereign'.
Finding duplicate cells in `\spu13_tang_nano_sovereign'.
Computing hashes of 78 cells of `\spu13_tang_nano_sovereign'.
Finding duplicate cells in `\spu13_tang_nano_sovereign'.
<suppressed ~12 debug messages>
Removed a total of 4 cells.

5.8.5.3. Executing OPT_MUXTREE pass (detect dead branches in mux trees).
Running muxtree optimizer on module \spu13_tang_nano_sovereign..
  Creating internal representation of mux trees.
  Evaluating internal representation of mux trees.
  Analyzing evaluation results.
    dead port 1/2 on $mux $flatten\u_uart.$procmux$435.
    dead port 1/2 on $mux $flatten\u_uart.$procmux$438.
    dead port 1/2 on $mux $flatten\u_uart.$procmux$453.
Removed 3 multiplexer ports.
<suppressed ~50 debug messages>

5.8.5.4. Executing OPT_REDUCE pass (consolidate $*mux and $reduce_* inputs).
  Optimizing cells in module \spu13_tang_nano_sovereign.
Performed a total of 0 changes.

5.8.5.5. Executing OPT_MERGE pass (detect identical cells).
Finding identical cells in module `\spu13_tang_nano_sovereign'.
Computing hashes of 75 cells of `\spu13_tang_nano_sovereign'.
Finding duplicate cells in `\spu13_tang_nano_sovereign'.
Computing hashes of 74 cells of `\spu13_tang_nano_sovereign'.
Finding duplicate cells in `\spu13_tang_nano_sovereign'.
<suppressed ~3 debug messages>
Removed a total of 1 cells.

5.8.5.6. Executing OPT_DFF pass (perform DFF optimizations).
Setting constant 0-bit at position 0 on $flatten\u_projector.$procdff$569 ($adff) from module spu13_tang_nano_sovereign.
Setting constant 0-bit at position 1 on $flatten\u_projector.$procdff$569 ($adff) from module spu13_tang_nano_sovereign.
Setting constant 0-bit at position 3 on $flatten\u_projector.$procdff$569 ($adff) from module spu13_tang_nano_sovereign.
Setting constant 0-bit at position 4 on $flatten\u_projector.$procdff$569 ($adff) from module spu13_tang_nano_sovereign.
Setting constant 0-bit at position 7 on $flatten\u_projector.$procdff$569 ($adff) from module spu13_tang_nano_sovereign.
Setting constant 0-bit at position 8 on $flatten\u_projector.$procdff$569 ($adff) from module spu13_tang_nano_sovereign.
Setting constant 0-bit at position 9 on $flatten\u_projector.$procdff$569 ($adff) from module spu13_tang_nano_sovereign.
Setting constant 0-bit at position 10 on $flatten\u_projector.$procdff$569 ($adff) from module spu13_tang_nano_sovereign.
Setting constant 0-bit at position 11 on $flatten\u_projector.$procdff$569 ($adff) from module spu13_tang_nano_sovereign.
Setting constant 0-bit at position 12 on $flatten\u_projector.$procdff$569 ($adff) from module spu13_tang_nano_sovereign.
Setting constant 0-bit at position 13 on $flatten\u_projector.$procdff$569 ($adff) from module spu13_tang_nano_sovereign.
Setting constant 0-bit at position 14 on $flatten\u_projector.$procdff$569 ($adff) from module spu13_tang_nano_sovereign.
Setting constant 0-bit at position 15 on $flatten\u_projector.$procdff$569 ($adff) from module spu13_tang_nano_sovereign.

5.8.5.7. Executing OPT_CLEAN pass (remove unused cells and wires).
Finding unused cells or wires in module \spu13_tang_nano_sovereign..
Removed 0 unused cells and 7 unused wires.
<suppressed ~1 debug messages>

5.8.5.8. Executing OPT_EXPR pass (perform const folding).
Optimizing module spu13_tang_nano_sovereign.

5.8.5.9. Rerunning OPT passes. (Maybe there is more to do..)

5.8.5.10. Executing OPT_MUXTREE pass (detect dead branches in mux trees).
Running muxtree optimizer on module \spu13_tang_nano_sovereign..
  Creating internal representation of mux trees.
  Evaluating internal representation of mux trees.
  Analyzing evaluation results.
Removed 0 multiplexer ports.
<suppressed ~45 debug messages>

5.8.5.11. Executing OPT_REDUCE pass (consolidate $*mux and $reduce_* inputs).
  Optimizing cells in module \spu13_tang_nano_sovereign.
Performed a total of 0 changes.

5.8.5.12. Executing OPT_MERGE pass (detect identical cells).
Finding identical cells in module `\spu13_tang_nano_sovereign'.
Computing hashes of 74 cells of `\spu13_tang_nano_sovereign'.
Finding duplicate cells in `\spu13_tang_nano_sovereign'.
Removed a total of 0 cells.

5.8.5.13. Executing OPT_DFF pass (perform DFF optimizations).

5.8.5.14. Executing OPT_CLEAN pass (remove unused cells and wires).
Finding unused cells or wires in module \spu13_tang_nano_sovereign..

5.8.5.15. Executing OPT_EXPR pass (perform const folding).
Optimizing module spu13_tang_nano_sovereign.

5.8.5.16. Finished fast OPT passes. (There is nothing left to do.)

5.8.6. Executing FSM pass (extract and optimize FSM).

5.8.6.1. Executing FSM_DETECT pass (finding FSMs in design).

5.8.6.2. Executing FSM_EXTRACT pass (extracting FSM from design).

5.8.6.3. Executing FSM_OPT pass (simple optimizations of FSMs).

5.8.6.4. Executing OPT_CLEAN pass (remove unused cells and wires).
Finding unused cells or wires in module \spu13_tang_nano_sovereign..

5.8.6.5. Executing FSM_OPT pass (simple optimizations of FSMs).

5.8.6.6. Executing FSM_RECODE pass (re-assigning FSM state encoding).

5.8.6.7. Executing FSM_INFO pass (dumping all available information on FSM cells).

5.8.6.8. Executing FSM_MAP pass (mapping FSMs to basic logic).

5.8.7. Executing OPT pass (performing simple optimizations).

5.8.7.1. Executing OPT_EXPR pass (perform const folding).
Optimizing module spu13_tang_nano_sovereign.

5.8.7.2. Executing OPT_MERGE pass (detect identical cells).
Finding identical cells in module `\spu13_tang_nano_sovereign'.
Computing hashes of 74 cells of `\spu13_tang_nano_sovereign'.
Finding duplicate cells in `\spu13_tang_nano_sovereign'.
Removed a total of 0 cells.

5.8.7.3. Executing OPT_MUXTREE pass (detect dead branches in mux trees).
Running muxtree optimizer on module \spu13_tang_nano_sovereign..
  Creating internal representation of mux trees.
  Evaluating internal representation of mux trees.
  Analyzing evaluation results.
Removed 0 multiplexer ports.
<suppressed ~45 debug messages>

5.8.7.4. Executing OPT_REDUCE pass (consolidate $*mux and $reduce_* inputs).
  Optimizing cells in module \spu13_tang_nano_sovereign.
Performed a total of 0 changes.

5.8.7.5. Executing OPT_MERGE pass (detect identical cells).
Finding identical cells in module `\spu13_tang_nano_sovereign'.
Computing hashes of 74 cells of `\spu13_tang_nano_sovereign'.
Finding duplicate cells in `\spu13_tang_nano_sovereign'.
Removed a total of 0 cells.

5.8.7.6. Executing OPT_DFF pass (perform DFF optimizations).
Adding EN signal on $procdff$611 ($adff) from module spu13_tang_nano_sovereign (D = $procmux$551_Y, Q = \byte_cnt).
Adding EN signal on $procdff$606 ($adff) from module spu13_tang_nano_sovereign (D = { \sovereign_word [55:0] \u_uart.rx_data }, Q = \sovereign_word).
Adding EN signal on $procdff$600 ($adff) from module spu13_tang_nano_sovereign (D = $procmux$541_Y, Q = \v_cnt).
Adding EN signal on $flatten\u_uart.$procdff$561 ($dff) from module spu13_tang_nano_sovereign (D = $flatten\u_uart.$or$../../core/uart_rx_mini.v:33$427_Y, Q = \u_uart.shift_reg).
Adding EN signal on $flatten\u_uart.$procdff$559 ($dff) from module spu13_tang_nano_sovereign (D = $flatten\u_uart.$0\bit_index[3:0], Q = \u_uart.bit_index).
Adding SRST signal on $flatten\u_uart.$procdff$558 ($dff) from module spu13_tang_nano_sovereign (D = $flatten\u_uart.$procmux$480_Y, Q = \u_uart.rx_ready, rval = 1'0).
Adding EN signal on $flatten\u_uart.$procdff$557 ($dff) from module spu13_tang_nano_sovereign (D = \u_uart.shift_reg, Q = \u_uart.rx_data).
Adding EN signal on $flatten\u_decoder.$procdff$587 ($adff) from module spu13_tang_nano_sovereign (D = \sovereign_word [31:24], Q = \u_decoder.energy).

5.8.7.7. Executing OPT_CLEAN pass (remove unused cells and wires).
Finding unused cells or wires in module \spu13_tang_nano_sovereign..
Removed 12 unused cells and 12 unused wires.
<suppressed ~13 debug messages>

5.8.7.8. Executing OPT_EXPR pass (perform const folding).
Optimizing module spu13_tang_nano_sovereign.

5.8.7.9. Rerunning OPT passes. (Maybe there is more to do..)

5.8.7.10. Executing OPT_MUXTREE pass (detect dead branches in mux trees).
Running muxtree optimizer on module \spu13_tang_nano_sovereign..
  Creating internal representation of mux trees.
  Evaluating internal representation of mux trees.
  Analyzing evaluation results.
Removed 0 multiplexer ports.
<suppressed ~29 debug messages>

5.8.7.11. Executing OPT_REDUCE pass (consolidate $*mux and $reduce_* inputs).
  Optimizing cells in module \spu13_tang_nano_sovereign.
Performed a total of 0 changes.

5.8.7.12. Executing OPT_MERGE pass (detect identical cells).
Finding identical cells in module `\spu13_tang_nano_sovereign'.
Computing hashes of 74 cells of `\spu13_tang_nano_sovereign'.
Finding duplicate cells in `\spu13_tang_nano_sovereign'.
Computing hashes of 72 cells of `\spu13_tang_nano_sovereign'.
Finding duplicate cells in `\spu13_tang_nano_sovereign'.
<suppressed ~6 debug messages>
Removed a total of 2 cells.

5.8.7.13. Executing OPT_DFF pass (perform DFF optimizations).

5.8.7.14. Executing OPT_CLEAN pass (remove unused cells and wires).
Finding unused cells or wires in module \spu13_tang_nano_sovereign..
Removed 0 unused cells and 2 unused wires.
<suppressed ~1 debug messages>

5.8.7.15. Executing OPT_EXPR pass (perform const folding).
Optimizing module spu13_tang_nano_sovereign.

5.8.7.16. Rerunning OPT passes. (Maybe there is more to do..)

5.8.7.17. Executing OPT_MUXTREE pass (detect dead branches in mux trees).
Running muxtree optimizer on module \spu13_tang_nano_sovereign..
  Creating internal representation of mux trees.
  Evaluating internal representation of mux trees.
  Analyzing evaluation results.
Removed 0 multiplexer ports.
<suppressed ~29 debug messages>

5.8.7.18. Executing OPT_REDUCE pass (consolidate $*mux and $reduce_* inputs).
  Optimizing cells in module \spu13_tang_nano_sovereign.
Performed a total of 0 changes.

5.8.7.19. Executing OPT_MERGE pass (detect identical cells).
Finding identical cells in module `\spu13_tang_nano_sovereign'.
Computing hashes of 72 cells of `\spu13_tang_nano_sovereign'.
Finding duplicate cells in `\spu13_tang_nano_sovereign'.
Removed a total of 0 cells.

5.8.7.20. Executing OPT_DFF pass (perform DFF optimizations).

5.8.7.21. Executing OPT_CLEAN pass (remove unused cells and wires).
Finding unused cells or wires in module \spu13_tang_nano_sovereign..

5.8.7.22. Executing OPT_EXPR pass (perform const folding).
Optimizing module spu13_tang_nano_sovereign.

5.8.7.23. Finished fast OPT passes. (There is nothing left to do.)

5.8.8. Executing WREDUCE pass (reducing word size of cells).
Removed top 1 bits (of 2) from port B of cell spu13_tang_nano_sovereign.$auto$opt_dff.cc:235:make_patterns_logic$635 ($ne).
Removed top 8 bits (of 64) from FF cell spu13_tang_nano_sovereign.$auto$ff.cc:337:slice$622 ($adffe).
Removed top 2 bits (of 3) from FF cell spu13_tang_nano_sovereign.$auto$ff.cc:337:slice$620 ($adff).
Removed top 2 bits (of 3) from port B of cell spu13_tang_nano_sovereign.$add$spu13_tang_nano_sovereign.v:52$4 ($add).
Removed top 31 bits (of 32) from port B of cell spu13_tang_nano_sovereign.$add$spu13_tang_nano_sovereign.v:78$7 ($add).
Removed top 30 bits (of 32) from port Y of cell spu13_tang_nano_sovereign.$add$spu13_tang_nano_sovereign.v:78$7 ($add).
Removed top 1 bits (of 10) from port B of cell spu13_tang_nano_sovereign.$eq$spu13_tang_nano_sovereign.v:88$11 ($eq).
Removed top 9 bits (of 10) from port B of cell spu13_tang_nano_sovereign.$add$spu13_tang_nano_sovereign.v:89$12 ($add).
Removed top 9 bits (of 10) from port B of cell spu13_tang_nano_sovereign.$add$spu13_tang_nano_sovereign.v:90$13 ($add).
Removed top 1 bits (of 10) from port B of cell spu13_tang_nano_sovereign.$lt$spu13_tang_nano_sovereign.v:94$14 ($lt).
Removed top 1 bits (of 10) from port B of cell spu13_tang_nano_sovereign.$lt$spu13_tang_nano_sovereign.v:95$15 ($lt).
Removed top 31 bits (of 32) from port B of cell spu13_tang_nano_sovereign.$flatten\u_uart.$add$../../core/uart_rx_mini.v:34$428 ($add).
Removed top 28 bits (of 32) from port Y of cell spu13_tang_nano_sovereign.$flatten\u_uart.$add$../../core/uart_rx_mini.v:34$428 ($add).
Converting cell spu13_tang_nano_sovereign.$flatten\u_uart.$neg$../../core/uart_rx_mini.v:33$421 ($neg) from signed to unsigned.
Removed top 1 bits (of 33) from port A of cell spu13_tang_nano_sovereign.$flatten\u_uart.$neg$../../core/uart_rx_mini.v:33$421 ($neg).
Removed top 31 bits (of 32) from port B of cell spu13_tang_nano_sovereign.$flatten\u_uart.$sub$../../core/uart_rx_mini.v:33$420 ($sub).
Removed top 27 bits (of 32) from port Y of cell spu13_tang_nano_sovereign.$flatten\u_uart.$sub$../../core/uart_rx_mini.v:33$420 ($sub).
Removed top 28 bits (of 32) from port B of cell spu13_tang_nano_sovereign.$flatten\u_uart.$le$../../core/uart_rx_mini.v:32$417 ($le).
Removed top 24 bits (of 32) from port B of cell spu13_tang_nano_sovereign.$flatten\u_uart.$lt$../../core/uart_rx_mini.v:29$413 ($lt).
Removed top 31 bits (of 32) from port B of cell spu13_tang_nano_sovereign.$flatten\u_uart.$add$../../core/uart_rx_mini.v:20$412 ($add).
Removed top 16 bits (of 32) from port Y of cell spu13_tang_nano_sovereign.$flatten\u_uart.$add$../../core/uart_rx_mini.v:20$412 ($add).
Removed top 25 bits (of 32) from port B of cell spu13_tang_nano_sovereign.$flatten\u_uart.$lt$../../core/uart_rx_mini.v:20$411 ($lt).
Removed top 2 bits (of 8) from port B of cell spu13_tang_nano_sovereign.$flatten\u_projector.$sub$../../core/vector_to_parabola.v:37$33 ($sub).
Removed top 10 bits (of 16) from port B of cell spu13_tang_nano_sovereign.$flatten\u_projector.$gt$../../core/vector_to_parabola.v:37$31 ($gt).
Removed top 9 bits (of 16) from port A of cell spu13_tang_nano_sovereign.$flatten\u_projector.$gt$../../core/vector_to_parabola.v:29$29 ($gt).
Removed top 6 bits (of 16) from port B of cell spu13_tang_nano_sovereign.$flatten\u_projector.$gt$../../core/vector_to_parabola.v:29$29 ($gt).
Removed top 8 bits (of 56) from FF cell spu13_tang_nano_sovereign.$auto$ff.cc:337:slice$622 ($adffe).
Removed top 8 bits (of 48) from FF cell spu13_tang_nano_sovereign.$auto$ff.cc:337:slice$622 ($adffe).
Removed top 8 bits (of 40) from FF cell spu13_tang_nano_sovereign.$auto$ff.cc:337:slice$622 ($adffe).
Removed top 16 bits (of 32) from wire spu13_tang_nano_sovereign.$flatten\u_uart.$add$../../core/uart_rx_mini.v:20$412_Y.
Removed top 28 bits (of 32) from wire spu13_tang_nano_sovereign.$flatten\u_uart.$add$../../core/uart_rx_mini.v:34$428_Y.
Removed top 30 bits (of 32) from wire spu13_tang_nano_sovereign.$flatten\u_uart.$sub$../../core/uart_rx_mini.v:33$420_Y.
Removed top 32 bits (of 64) from wire spu13_tang_nano_sovereign.sovereign_word.

5.8.9. Executing PEEPOPT pass (run peephole optimizers).

5.8.10. Executing OPT_CLEAN pass (remove unused cells and wires).
Finding unused cells or wires in module \spu13_tang_nano_sovereign..
Removed 0 unused cells and 5 unused wires.
<suppressed ~1 debug messages>

5.8.11. Executing ALUMACC pass (create $alu and $macc cells).
Extracting $alu and $macc cells in module spu13_tang_nano_sovereign:
  creating $macc model for $add$spu13_tang_nano_sovereign.v:52$4 ($add).
  creating $macc model for $add$spu13_tang_nano_sovereign.v:78$7 ($add).
  creating $macc model for $add$spu13_tang_nano_sovereign.v:89$12 ($add).
  creating $macc model for $add$spu13_tang_nano_sovereign.v:90$13 ($add).
  creating $macc model for $flatten\u_projector.$sub$../../core/vector_to_parabola.v:37$33 ($sub).
  creating $macc model for $flatten\u_uart.$add$../../core/uart_rx_mini.v:20$412 ($add).
  creating $macc model for $flatten\u_uart.$add$../../core/uart_rx_mini.v:34$428 ($add).
  creating $macc model for $flatten\u_uart.$neg$../../core/uart_rx_mini.v:33$421 ($neg).
  creating $macc model for $flatten\u_uart.$sub$../../core/uart_rx_mini.v:33$420 ($sub).
  creating $alu model for $macc $flatten\u_uart.$sub$../../core/uart_rx_mini.v:33$420.
  creating $alu model for $macc $flatten\u_uart.$neg$../../core/uart_rx_mini.v:33$421.
  creating $alu model for $macc $flatten\u_uart.$add$../../core/uart_rx_mini.v:34$428.
  creating $alu model for $macc $flatten\u_uart.$add$../../core/uart_rx_mini.v:20$412.
  creating $alu model for $macc $flatten\u_projector.$sub$../../core/vector_to_parabola.v:37$33.
  creating $alu model for $macc $add$spu13_tang_nano_sovereign.v:90$13.
  creating $alu model for $macc $add$spu13_tang_nano_sovereign.v:89$12.
  creating $alu model for $macc $add$spu13_tang_nano_sovereign.v:78$7.
  creating $alu model for $macc $add$spu13_tang_nano_sovereign.v:52$4.
  creating $alu model for $flatten\u_projector.$gt$../../core/vector_to_parabola.v:29$29 ($gt): new $alu
  creating $alu model for $flatten\u_projector.$gt$../../core/vector_to_parabola.v:37$31 ($gt): merged with $flatten\u_projector.$sub$../../core/vector_to_parabola.v:37$33.
  creating $alu model for $flatten\u_uart.$le$../../core/uart_rx_mini.v:32$417 ($le): new $alu
  creating $alu model for $flatten\u_uart.$lt$../../core/uart_rx_mini.v:20$411 ($lt): new $alu
  creating $alu model for $flatten\u_uart.$lt$../../core/uart_rx_mini.v:29$413 ($lt): new $alu
  creating $alu model for $lt$spu13_tang_nano_sovereign.v:94$14 ($lt): new $alu
  creating $alu model for $lt$spu13_tang_nano_sovereign.v:95$15 ($lt): new $alu
  creating $alu cell for $lt$spu13_tang_nano_sovereign.v:95$15: $auto$alumacc.cc:512:replace_alu$663
  creating $alu cell for $lt$spu13_tang_nano_sovereign.v:94$14: $auto$alumacc.cc:512:replace_alu$668
  creating $alu cell for $flatten\u_uart.$lt$../../core/uart_rx_mini.v:29$413: $auto$alumacc.cc:512:replace_alu$673
  creating $alu cell for $flatten\u_uart.$lt$../../core/uart_rx_mini.v:20$411: $auto$alumacc.cc:512:replace_alu$678
  creating $alu cell for $flatten\u_uart.$le$../../core/uart_rx_mini.v:32$417: $auto$alumacc.cc:512:replace_alu$683
  creating $alu cell for $flatten\u_projector.$gt$../../core/vector_to_parabola.v:29$29: $auto$alumacc.cc:512:replace_alu$692
  creating $alu cell for $add$spu13_tang_nano_sovereign.v:52$4: $auto$alumacc.cc:512:replace_alu$703
  creating $alu cell for $add$spu13_tang_nano_sovereign.v:78$7: $auto$alumacc.cc:512:replace_alu$706
  creating $alu cell for $add$spu13_tang_nano_sovereign.v:89$12: $auto$alumacc.cc:512:replace_alu$709
  creating $alu cell for $add$spu13_tang_nano_sovereign.v:90$13: $auto$alumacc.cc:512:replace_alu$712
  creating $alu cell for $flatten\u_projector.$sub$../../core/vector_to_parabola.v:37$33, $flatten\u_projector.$gt$../../core/vector_to_parabola.v:37$31: $auto$alumacc.cc:512:replace_alu$715
  creating $alu cell for $flatten\u_uart.$add$../../core/uart_rx_mini.v:20$412: $auto$alumacc.cc:512:replace_alu$726
  creating $alu cell for $flatten\u_uart.$add$../../core/uart_rx_mini.v:34$428: $auto$alumacc.cc:512:replace_alu$729
  creating $alu cell for $flatten\u_uart.$neg$../../core/uart_rx_mini.v:33$421: $auto$alumacc.cc:512:replace_alu$732
  creating $alu cell for $flatten\u_uart.$sub$../../core/uart_rx_mini.v:33$420: $auto$alumacc.cc:512:replace_alu$735
  created 15 $alu and 0 $macc cells.

5.8.12. Executing SHARE pass (SAT-based resource sharing).

5.8.13. Executing OPT pass (performing simple optimizations).

5.8.13.1. Executing OPT_EXPR pass (perform const folding).
Optimizing module spu13_tang_nano_sovereign.
<suppressed ~7 debug messages>

5.8.13.2. Executing OPT_MERGE pass (detect identical cells).
Finding identical cells in module `\spu13_tang_nano_sovereign'.
Computing hashes of 85 cells of `\spu13_tang_nano_sovereign'.
Finding duplicate cells in `\spu13_tang_nano_sovereign'.
Removed a total of 0 cells.

5.8.13.3. Executing OPT_MUXTREE pass (detect dead branches in mux trees).
Running muxtree optimizer on module \spu13_tang_nano_sovereign..
  Creating internal representation of mux trees.
  Evaluating internal representation of mux trees.
  Analyzing evaluation results.
Removed 0 multiplexer ports.
<suppressed ~29 debug messages>

5.8.13.4. Executing OPT_REDUCE pass (consolidate $*mux and $reduce_* inputs).
  Optimizing cells in module \spu13_tang_nano_sovereign.
Performed a total of 0 changes.

5.8.13.5. Executing OPT_MERGE pass (detect identical cells).
Finding identical cells in module `\spu13_tang_nano_sovereign'.
Computing hashes of 85 cells of `\spu13_tang_nano_sovereign'.
Finding duplicate cells in `\spu13_tang_nano_sovereign'.
Removed a total of 0 cells.

5.8.13.6. Executing OPT_DFF pass (perform DFF optimizations).

5.8.13.7. Executing OPT_CLEAN pass (remove unused cells and wires).
Finding unused cells or wires in module \spu13_tang_nano_sovereign..
Removed 2 unused cells and 10 unused wires.
<suppressed ~3 debug messages>

5.8.13.8. Executing OPT_EXPR pass (perform const folding).
Optimizing module spu13_tang_nano_sovereign.

5.8.13.9. Rerunning OPT passes. (Maybe there is more to do..)

5.8.13.10. Executing OPT_MUXTREE pass (detect dead branches in mux trees).
Running muxtree optimizer on module \spu13_tang_nano_sovereign..
  Creating internal representation of mux trees.
  Evaluating internal representation of mux trees.
  Analyzing evaluation results.
Removed 0 multiplexer ports.
<suppressed ~29 debug messages>

5.8.13.11. Executing OPT_REDUCE pass (consolidate $*mux and $reduce_* inputs).
  Optimizing cells in module \spu13_tang_nano_sovereign.
Performed a total of 0 changes.

5.8.13.12. Executing OPT_MERGE pass (detect identical cells).
Finding identical cells in module `\spu13_tang_nano_sovereign'.
Computing hashes of 83 cells of `\spu13_tang_nano_sovereign'.
Finding duplicate cells in `\spu13_tang_nano_sovereign'.
Removed a total of 0 cells.

5.8.13.13. Executing OPT_DFF pass (perform DFF optimizations).

5.8.13.14. Executing OPT_CLEAN pass (remove unused cells and wires).
Finding unused cells or wires in module \spu13_tang_nano_sovereign..

5.8.13.15. Executing OPT_EXPR pass (perform const folding).
Optimizing module spu13_tang_nano_sovereign.

5.8.13.16. Finished fast OPT passes. (There is nothing left to do.)

5.8.14. Executing MEMORY pass.

5.8.14.1. Executing OPT_MEM pass (optimize memories).
Performed a total of 0 transformations.

5.8.14.2. Executing OPT_MEM_PRIORITY pass (removing unnecessary memory write priority relations).
Performed a total of 0 transformations.

5.8.14.3. Executing OPT_MEM_FEEDBACK pass (finding memory read-to-write feedback paths).

5.8.14.4. Executing MEMORY_BMUX2ROM pass (converting muxes to ROMs).

5.8.14.5. Executing MEMORY_DFF pass (merging $dff cells to $memrd).

5.8.14.6. Executing OPT_CLEAN pass (remove unused cells and wires).
Finding unused cells or wires in module \spu13_tang_nano_sovereign..

5.8.14.7. Executing MEMORY_SHARE pass (consolidating $memrd/$memwr cells).

5.8.14.8. Executing OPT_MEM_WIDEN pass (optimize memories where all ports are wide).
Performed a total of 0 transformations.

5.8.14.9. Executing OPT_CLEAN pass (remove unused cells and wires).
Finding unused cells or wires in module \spu13_tang_nano_sovereign..

5.8.14.10. Executing MEMORY_COLLECT pass (generating $mem cells).

5.8.15. Executing OPT_CLEAN pass (remove unused cells and wires).
Finding unused cells or wires in module \spu13_tang_nano_sovereign..

5.9. Executing MEMORY_LIBMAP pass (mapping memories to cells).
Warning: define gw1n not used in the library.

5.10. Executing TECHMAP pass (map to technology primitives).

5.10.1. Executing Verilog-2005 frontend: /Users/johncurley/.apio/packages/oss-cad-suite/libexec/../share/yosys/gowin/lutrams_map.v
Parsing Verilog input from `/Users/johncurley/.apio/packages/oss-cad-suite/libexec/../share/yosys/gowin/lutrams_map.v' to AST representation.
Generating RTLIL representation for module `$__GOWIN_LUTRAM_'.
Successfully finished Verilog frontend.

5.10.2. Executing Verilog-2005 frontend: /Users/johncurley/.apio/packages/oss-cad-suite/libexec/../share/yosys/gowin/brams_map.v
Parsing Verilog input from `/Users/johncurley/.apio/packages/oss-cad-suite/libexec/../share/yosys/gowin/brams_map.v' to AST representation.
Generating RTLIL representation for module `$__GOWIN_SP_'.
Generating RTLIL representation for module `$__GOWIN_DP_'.
Generating RTLIL representation for module `$__GOWIN_SDP_'.
Successfully finished Verilog frontend.

5.10.3. Continuing TECHMAP pass.
No more expansions possible.
<suppressed ~6 debug messages>

5.11. Executing OPT pass (performing simple optimizations).

5.11.1. Executing OPT_EXPR pass (perform const folding).
Optimizing module spu13_tang_nano_sovereign.
<suppressed ~41 debug messages>

5.11.2. Executing OPT_MERGE pass (detect identical cells).
Finding identical cells in module `\spu13_tang_nano_sovereign'.
Computing hashes of 94 cells of `\spu13_tang_nano_sovereign'.
Finding duplicate cells in `\spu13_tang_nano_sovereign'.
Computing hashes of 93 cells of `\spu13_tang_nano_sovereign'.
Finding duplicate cells in `\spu13_tang_nano_sovereign'.
<suppressed ~3 debug messages>
Removed a total of 1 cells.

5.11.3. Executing OPT_DFF pass (perform DFF optimizations).
Adding SRST signal on $auto$ff.cc:337:slice$631 ($dffe) from module spu13_tang_nano_sovereign (D = $flatten\u_uart.$procmux$492_Y, Q = \u_uart.bit_index, rval = 4'0001).

5.11.4. Executing OPT_CLEAN pass (remove unused cells and wires).
Finding unused cells or wires in module \spu13_tang_nano_sovereign..
Removed 10 unused cells and 24 unused wires.
<suppressed ~11 debug messages>

5.11.5. Rerunning OPT passes. (Removed registers in this run.)

5.11.6. Executing OPT_EXPR pass (perform const folding).
Optimizing module spu13_tang_nano_sovereign.

5.11.7. Executing OPT_MERGE pass (detect identical cells).
Finding identical cells in module `\spu13_tang_nano_sovereign'.
Computing hashes of 83 cells of `\spu13_tang_nano_sovereign'.
Finding duplicate cells in `\spu13_tang_nano_sovereign'.
Removed a total of 0 cells.

5.11.8. Executing OPT_DFF pass (perform DFF optimizations).
Adding SRST signal on $auto$ff.cc:337:slice$977 ($sdffce) from module spu13_tang_nano_sovereign (D = $auto$wreduce.cc:514:run$654 [3:1], Q = \u_uart.bit_index [3:1], rval = 3'000).

5.11.9. Executing OPT_CLEAN pass (remove unused cells and wires).
Finding unused cells or wires in module \spu13_tang_nano_sovereign..

5.11.10. Rerunning OPT passes. (Removed registers in this run.)

5.11.11. Executing OPT_EXPR pass (perform const folding).
Optimizing module spu13_tang_nano_sovereign.

5.11.12. Executing OPT_MERGE pass (detect identical cells).
Finding identical cells in module `\spu13_tang_nano_sovereign'.
Computing hashes of 86 cells of `\spu13_tang_nano_sovereign'.
Finding duplicate cells in `\spu13_tang_nano_sovereign'.
Computing hashes of 85 cells of `\spu13_tang_nano_sovereign'.
Finding duplicate cells in `\spu13_tang_nano_sovereign'.
<suppressed ~3 debug messages>
Removed a total of 1 cells.

5.11.13. Executing OPT_DFF pass (perform DFF optimizations).

5.11.14. Executing OPT_CLEAN pass (remove unused cells and wires).
Finding unused cells or wires in module \spu13_tang_nano_sovereign..
Removed 0 unused cells and 1 unused wires.
<suppressed ~1 debug messages>

5.11.15. Finished fast OPT passes.

5.12. Executing MEMORY_MAP pass (converting memories to logic and flip-flops).

5.13. Executing OPT pass (performing simple optimizations).

5.13.1. Executing OPT_EXPR pass (perform const folding).
Optimizing module spu13_tang_nano_sovereign.

5.13.2. Executing OPT_MERGE pass (detect identical cells).
Finding identical cells in module `\spu13_tang_nano_sovereign'.
Computing hashes of 85 cells of `\spu13_tang_nano_sovereign'.
Finding duplicate cells in `\spu13_tang_nano_sovereign'.
Removed a total of 0 cells.

5.13.3. Executing OPT_MUXTREE pass (detect dead branches in mux trees).
Running muxtree optimizer on module \spu13_tang_nano_sovereign..
  Creating internal representation of mux trees.
  Evaluating internal representation of mux trees.
  Analyzing evaluation results.
Removed 0 multiplexer ports.
<suppressed ~24 debug messages>

5.13.4. Executing OPT_REDUCE pass (consolidate $*mux and $reduce_* inputs).
  Optimizing cells in module \spu13_tang_nano_sovereign.
    New input vector for $reduce_and cell $auto$alumacc.cc:92:get_eq$697: $auto$alumacc.cc:528:replace_alu$693 [9:5]
  Optimizing cells in module \spu13_tang_nano_sovereign.
Performed a total of 1 changes.

5.13.5. Executing OPT_MERGE pass (detect identical cells).
Finding identical cells in module `\spu13_tang_nano_sovereign'.
Computing hashes of 85 cells of `\spu13_tang_nano_sovereign'.
Finding duplicate cells in `\spu13_tang_nano_sovereign'.
Removed a total of 0 cells.

5.13.6. Executing OPT_DFF pass (perform DFF optimizations).

5.13.7. Executing OPT_CLEAN pass (remove unused cells and wires).
Finding unused cells or wires in module \spu13_tang_nano_sovereign..

5.13.8. Executing OPT_EXPR pass (perform const folding).
Optimizing module spu13_tang_nano_sovereign.

5.13.9. Rerunning OPT passes. (Maybe there is more to do..)

5.13.10. Executing OPT_MUXTREE pass (detect dead branches in mux trees).
Running muxtree optimizer on module \spu13_tang_nano_sovereign..
  Creating internal representation of mux trees.
  Evaluating internal representation of mux trees.
  Analyzing evaluation results.
Removed 0 multiplexer ports.
<suppressed ~24 debug messages>

5.13.11. Executing OPT_REDUCE pass (consolidate $*mux and $reduce_* inputs).
  Optimizing cells in module \spu13_tang_nano_sovereign.
Performed a total of 0 changes.

5.13.12. Executing OPT_MERGE pass (detect identical cells).
Finding identical cells in module `\spu13_tang_nano_sovereign'.
Computing hashes of 85 cells of `\spu13_tang_nano_sovereign'.
Finding duplicate cells in `\spu13_tang_nano_sovereign'.
Removed a total of 0 cells.

5.13.13. Executing OPT_DFF pass (perform DFF optimizations).

5.13.14. Executing OPT_CLEAN pass (remove unused cells and wires).
Finding unused cells or wires in module \spu13_tang_nano_sovereign..

5.13.15. Executing OPT_EXPR pass (perform const folding).
Optimizing module spu13_tang_nano_sovereign.

5.13.16. Finished fast OPT passes. (There is nothing left to do.)

5.14. Executing TECHMAP pass (map to technology primitives).

5.14.1. Executing Verilog-2005 frontend: /Users/johncurley/.apio/packages/oss-cad-suite/libexec/../share/yosys/techmap.v
Parsing Verilog input from `/Users/johncurley/.apio/packages/oss-cad-suite/libexec/../share/yosys/techmap.v' to AST representation.
Generating RTLIL representation for module `\_90_simplemap_bool_ops'.
Generating RTLIL representation for module `\_90_simplemap_reduce_ops'.
Generating RTLIL representation for module `\_90_simplemap_logic_ops'.
Generating RTLIL representation for module `\_90_simplemap_compare_ops'.
Generating RTLIL representation for module `\_90_simplemap_various'.
Generating RTLIL representation for module `\_90_simplemap_registers'.
Generating RTLIL representation for module `\_90_shift_ops_shr_shl_sshl_sshr'.
Generating RTLIL representation for module `\_90_shift_shiftx'.
Generating RTLIL representation for module `\_90_fa'.
Generating RTLIL representation for module `\_90_lcu_brent_kung'.
Generating RTLIL representation for module `\_90_alu'.
Generating RTLIL representation for module `\_90_macc'.
Generating RTLIL representation for module `\_90_alumacc'.
Generating RTLIL representation for module `$__div_mod_u'.
Generating RTLIL representation for module `$__div_mod_trunc'.
Generating RTLIL representation for module `\_90_div'.
Generating RTLIL representation for module `\_90_mod'.
Generating RTLIL representation for module `$__div_mod_floor'.
Generating RTLIL representation for module `\_90_divfloor'.
Generating RTLIL representation for module `\_90_modfloor'.
Generating RTLIL representation for module `\_90_pow'.
Generating RTLIL representation for module `\_90_pmux'.
Generating RTLIL representation for module `\_90_demux'.
Generating RTLIL representation for module `\_90_lut'.
Generating RTLIL representation for module `$connect'.
Generating RTLIL representation for module `$input_port'.
Successfully finished Verilog frontend.

5.14.2. Executing Verilog-2005 frontend: /Users/johncurley/.apio/packages/oss-cad-suite/libexec/../share/yosys/gowin/arith_map.v
Parsing Verilog input from `/Users/johncurley/.apio/packages/oss-cad-suite/libexec/../share/yosys/gowin/arith_map.v' to AST representation.
Generating RTLIL representation for module `\_80_gw1n_alu'.
Successfully finished Verilog frontend.

5.14.3. Continuing TECHMAP pass.
Using extmapper simplemap for cells of type $sdffce.
Using extmapper simplemap for cells of type $reduce_or.
Using extmapper simplemap for cells of type $not.
Using template $paramod$dde52db7035cb02b3cc5e73865788532339e3bcb\_80_gw1n_alu for cells of type $alu.
Using template $paramod$99501223b6f7e5af250351eeb57edb5403a5ad0b\_80_gw1n_alu for cells of type $alu.
Using template $paramod$32a7b7b86c07519b7537abc18e96f0331f97914d\_80_gw1n_alu for cells of type $alu.
Using template $paramod$2af30114e9bd4ccb04dad757b3f0a8f6bf0615b0\_80_gw1n_alu for cells of type $alu.
Using extmapper simplemap for cells of type $or.
Using extmapper simplemap for cells of type $reduce_and.
Using template $paramod$5042debdcb1fbd120a67f55dfe5b3afe2a9f08e5\_80_gw1n_alu for cells of type $alu.
Using template $paramod$754650b284649a026620fc6856e5b6886cbfe794\_80_gw1n_alu for cells of type $alu.
Using template $paramod$175e67c02b86e96b1288b9dc100122520d7240d8\_90_alu for cells of type $alu.
Using template $paramod$3ef7d3dd227da7627a99c5e5a6a4deb817573e39\_80_gw1n_alu for cells of type $alu.
Using template $paramod$fc972a7a46956c1788f3cb5257b53c8f1df2d0cc\_90_alu for cells of type $alu.
Using template $paramod$795d817be7d199881e47de72f8a46d9f056cb4cd\_80_gw1n_alu for cells of type $alu.
Using template $paramod$7a77ea55da18354df8e6d78449c6822120e00d50\_80_gw1n_alu for cells of type $alu.
Using template $paramod$dad13a281fa6a9ffd6dd427a87dc9a952e80e9ea\_80_gw1n_alu for cells of type $alu.
Using template $paramod$a40b3a69ab2154dca9743e30e1e84efb03b892b4\_80_gw1n_alu for cells of type $alu.
Using extmapper simplemap for cells of type $adffe.
Using extmapper simplemap for cells of type $dffe.
Using extmapper simplemap for cells of type $sdff.
Using extmapper simplemap for cells of type $ne.
Using extmapper simplemap for cells of type $adff.
Using extmapper simplemap for cells of type $eq.
Using extmapper simplemap for cells of type $logic_and.
Using extmapper simplemap for cells of type $mux.
Using extmapper simplemap for cells of type $dff.
Using template $paramod$constmap:92b06b5a8b86d5cecb92c0600747e371f589a4a3$paramod$3a55d5cb0043d442f8310a0b82c3ba1d6d3f1032\_90_shift_shiftx for cells of type $shift.
Using extmapper simplemap for cells of type $and.
Analyzing pattern of constant bits for this cell:
  Constant input on bit 0 of port A: 1'1
Creating constmapped module `$paramod$constmap:51fb3526f3621c6ba109a6fa670766d42e57f474$paramod$3a55d5cb0043d442f8310a0b82c3ba1d6d3f1032\_90_shift_shiftx'.

5.14.37. Executing OPT_MUXTREE pass (detect dead branches in mux trees).
Running muxtree optimizer on module $paramod$constmap:51fb3526f3621c6ba109a6fa670766d42e57f474$paramod$3a55d5cb0043d442f8310a0b82c3ba1d6d3f1032\_90_shift_shiftx..
  Creating internal representation of mux trees.
  Evaluating internal representation of mux trees.
  Analyzing evaluation results.
    dead port 2/2 on $mux $procmux$1632.
    dead port 2/2 on $mux $procmux$1626.
    dead port 2/2 on $mux $procmux$1620.
    dead port 2/2 on $mux $procmux$1614.
Removed 4 multiplexer ports.
<suppressed ~921 debug messages>

5.14.38. Executing OPT_EXPR pass (perform const folding).
Optimizing module $paramod$constmap:51fb3526f3621c6ba109a6fa670766d42e57f474$paramod$3a55d5cb0043d442f8310a0b82c3ba1d6d3f1032\_90_shift_shiftx.
<suppressed ~30 debug messages>
Removed 0 unused cells and 9 unused wires.
Using template $paramod$constmap:51fb3526f3621c6ba109a6fa670766d42e57f474$paramod$3a55d5cb0043d442f8310a0b82c3ba1d6d3f1032\_90_shift_shiftx for cells of type $shift.
Using extmapper simplemap for cells of type $logic_not.
Using extmapper simplemap for cells of type $pos.
Using extmapper simplemap for cells of type $xor.
Using template $paramod\_90_fa\WIDTH=32'00000000000000000000000000000010 for cells of type $fa.
Using template $paramod\_90_lcu_brent_kung\WIDTH=32'00000000000000000000000000000010 for cells of type $lcu.
Using template $paramod\_90_fa\WIDTH=32'00000000000000000000000000000001 for cells of type $fa.
Using template $paramod\_90_lcu_brent_kung\WIDTH=32'00000000000000000000000000000001 for cells of type $lcu.
No more expansions possible.
<suppressed ~583 debug messages>

5.15. Executing OPT pass (performing simple optimizations).

5.15.1. Executing OPT_EXPR pass (perform const folding).
Optimizing module spu13_tang_nano_sovereign.
<suppressed ~759 debug messages>

5.15.2. Executing OPT_MERGE pass (detect identical cells).
Finding identical cells in module `\spu13_tang_nano_sovereign'.
Computing hashes of 756 cells of `\spu13_tang_nano_sovereign'.
Finding duplicate cells in `\spu13_tang_nano_sovereign'.
Computing hashes of 665 cells of `\spu13_tang_nano_sovereign'.
Finding duplicate cells in `\spu13_tang_nano_sovereign'.
Computing hashes of 664 cells of `\spu13_tang_nano_sovereign'.
Finding duplicate cells in `\spu13_tang_nano_sovereign'.
Computing hashes of 663 cells of `\spu13_tang_nano_sovereign'.
Finding duplicate cells in `\spu13_tang_nano_sovereign'.
Computing hashes of 662 cells of `\spu13_tang_nano_sovereign'.
Finding duplicate cells in `\spu13_tang_nano_sovereign'.
Computing hashes of 661 cells of `\spu13_tang_nano_sovereign'.
Finding duplicate cells in `\spu13_tang_nano_sovereign'.
Computing hashes of 660 cells of `\spu13_tang_nano_sovereign'.
Finding duplicate cells in `\spu13_tang_nano_sovereign'.
Computing hashes of 659 cells of `\spu13_tang_nano_sovereign'.
Finding duplicate cells in `\spu13_tang_nano_sovereign'.
Computing hashes of 658 cells of `\spu13_tang_nano_sovereign'.
Finding duplicate cells in `\spu13_tang_nano_sovereign'.
Computing hashes of 657 cells of `\spu13_tang_nano_sovereign'.
Finding duplicate cells in `\spu13_tang_nano_sovereign'.
Computing hashes of 656 cells of `\spu13_tang_nano_sovereign'.
Finding duplicate cells in `\spu13_tang_nano_sovereign'.
Computing hashes of 655 cells of `\spu13_tang_nano_sovereign'.
Finding duplicate cells in `\spu13_tang_nano_sovereign'.
Computing hashes of 654 cells of `\spu13_tang_nano_sovereign'.
Finding duplicate cells in `\spu13_tang_nano_sovereign'.
Computing hashes of 653 cells of `\spu13_tang_nano_sovereign'.
Finding duplicate cells in `\spu13_tang_nano_sovereign'.
Computing hashes of 652 cells of `\spu13_tang_nano_sovereign'.
Finding duplicate cells in `\spu13_tang_nano_sovereign'.
Computing hashes of 651 cells of `\spu13_tang_nano_sovereign'.
Finding duplicate cells in `\spu13_tang_nano_sovereign'.
Computing hashes of 650 cells of `\spu13_tang_nano_sovereign'.
Finding duplicate cells in `\spu13_tang_nano_sovereign'.
Computing hashes of 649 cells of `\spu13_tang_nano_sovereign'.
Finding duplicate cells in `\spu13_tang_nano_sovereign'.
Computing hashes of 648 cells of `\spu13_tang_nano_sovereign'.
Finding duplicate cells in `\spu13_tang_nano_sovereign'.
Computing hashes of 647 cells of `\spu13_tang_nano_sovereign'.
Finding duplicate cells in `\spu13_tang_nano_sovereign'.
Computing hashes of 646 cells of `\spu13_tang_nano_sovereign'.
Finding duplicate cells in `\spu13_tang_nano_sovereign'.
Computing hashes of 645 cells of `\spu13_tang_nano_sovereign'.
Finding duplicate cells in `\spu13_tang_nano_sovereign'.
Computing hashes of 644 cells of `\spu13_tang_nano_sovereign'.
Finding duplicate cells in `\spu13_tang_nano_sovereign'.
Computing hashes of 643 cells of `\spu13_tang_nano_sovereign'.
Finding duplicate cells in `\spu13_tang_nano_sovereign'.
Computing hashes of 642 cells of `\spu13_tang_nano_sovereign'.
Finding duplicate cells in `\spu13_tang_nano_sovereign'.
Computing hashes of 641 cells of `\spu13_tang_nano_sovereign'.
Finding duplicate cells in `\spu13_tang_nano_sovereign'.
Computing hashes of 640 cells of `\spu13_tang_nano_sovereign'.
Finding duplicate cells in `\spu13_tang_nano_sovereign'.
Computing hashes of 639 cells of `\spu13_tang_nano_sovereign'.
Finding duplicate cells in `\spu13_tang_nano_sovereign'.
Computing hashes of 638 cells of `\spu13_tang_nano_sovereign'.
Finding duplicate cells in `\spu13_tang_nano_sovereign'.
<suppressed ~354 debug messages>
Removed a total of 118 cells.

5.15.3. Executing OPT_DFF pass (perform DFF optimizations).

5.15.4. Executing OPT_CLEAN pass (remove unused cells and wires).
Finding unused cells or wires in module \spu13_tang_nano_sovereign..
Removed 66 unused cells and 679 unused wires.
<suppressed ~67 debug messages>

5.15.5. Finished fast OPT passes.

5.16. Executing IOPADMAP pass (mapping inputs/outputs to IO-PAD cells).
Mapping port spu13_tang_nano_sovereign.clk_27mhz using IBUF.
Mapping port spu13_tang_nano_sovereign.lcd_b using OBUF.
Mapping port spu13_tang_nano_sovereign.lcd_de using OBUF.
Mapping port spu13_tang_nano_sovereign.lcd_g using OBUF.
Mapping port spu13_tang_nano_sovereign.lcd_hsync using OBUF.
Mapping port spu13_tang_nano_sovereign.lcd_pclk using OBUF.
Mapping port spu13_tang_nano_sovereign.lcd_r using OBUF.
Mapping port spu13_tang_nano_sovereign.lcd_vsync using OBUF.
Mapping port spu13_tang_nano_sovereign.rst_n using IBUF.
Mapping port spu13_tang_nano_sovereign.uart_rx using IBUF.

5.17. Executing OPT_CLEAN pass (remove unused cells and wires).
Finding unused cells or wires in module \spu13_tang_nano_sovereign..
Removed 0 unused cells and 4 unused wires.
<suppressed ~1 debug messages>

5.18. Executing DFFLEGALIZE pass (convert FFs to types supported by the target).

5.19. Executing TECHMAP pass (map to technology primitives).

5.19.1. Executing Verilog-2005 frontend: /Users/johncurley/.apio/packages/oss-cad-suite/libexec/../share/yosys/gowin/cells_map.v
Parsing Verilog input from `/Users/johncurley/.apio/packages/oss-cad-suite/libexec/../share/yosys/gowin/cells_map.v' to AST representation.
Generating RTLIL representation for module `$_DFF_N_'.
Generating RTLIL representation for module `$_DFF_P_'.
Generating RTLIL representation for module `$_DFFE_PP_'.
Generating RTLIL representation for module `$_DFFE_NP_'.
Generating RTLIL representation for module `$_SDFF_PP0_'.
Generating RTLIL representation for module `$_SDFF_NP0_'.
Generating RTLIL representation for module `$_SDFFE_PP0P_'.
Generating RTLIL representation for module `$_SDFFE_NP0P_'.
Generating RTLIL representation for module `$_SDFF_PP1_'.
Generating RTLIL representation for module `$_SDFF_NP1_'.
Generating RTLIL representation for module `$_SDFFE_PP1P_'.
Generating RTLIL representation for module `$_SDFFE_NP1P_'.
Generating RTLIL representation for module `$_DFF_PP1_'.
Generating RTLIL representation for module `$_DFF_NP1_'.
Generating RTLIL representation for module `$_DFF_PP0_'.
Generating RTLIL representation for module `$_DFF_NP0_'.
Generating RTLIL representation for module `$_DFFE_PP1P_'.
Generating RTLIL representation for module `$_DFFE_NP1P_'.
Generating RTLIL representation for module `$_DFFE_PP0P_'.
Generating RTLIL representation for module `$_DFFE_NP0P_'.
Generating RTLIL representation for module `$lut'.
Successfully finished Verilog frontend.

5.19.2. Continuing TECHMAP pass.
Using template $_DFF_PP0_ for cells of type $_DFF_PP0_.
Using template $_DFF_P_ for cells of type $_DFF_P_.
Using template $_SDFF_PP0_ for cells of type $_SDFF_PP0_.
Using template $_DFFE_PP0P_ for cells of type $_DFFE_PP0P_.
Using template $_DFFE_PP_ for cells of type $_DFFE_PP_.
Using template $_SDFFE_PP0P_ for cells of type $_SDFFE_PP0P_.
No more expansions possible.
<suppressed ~133 debug messages>

5.20. Executing OPT_EXPR pass (perform const folding).
Optimizing module spu13_tang_nano_sovereign.

5.21. Executing SIMPLEMAP pass (map simple cells to gate primitives).

5.22. Executing Verilog-2005 frontend: /Users/johncurley/.apio/packages/oss-cad-suite/libexec/../share/yosys/abc9_model.v
Parsing Verilog input from `/Users/johncurley/.apio/packages/oss-cad-suite/libexec/../share/yosys/abc9_model.v' to AST representation.
Generating RTLIL representation for module `$__ABC9_DELAY'.
Generating RTLIL representation for module `$__ABC9_SCC_BREAKER'.
Generating RTLIL representation for module `$__DFF_N__$abc9_flop'.
Generating RTLIL representation for module `$__DFF_P__$abc9_flop'.
Successfully finished Verilog frontend.

5.23. Executing ABC9 pass.

5.23.1. Executing ABC9_OPS pass (helper functions for ABC9).

5.23.2. Executing ABC9_OPS pass (helper functions for ABC9).

5.23.3. Executing PROC pass (convert processes to netlists).

5.23.3.1. Executing PROC_CLEAN pass (remove empty switches from decision trees).
Cleaned up 0 empty switches.

5.23.3.2. Executing PROC_RMDEAD pass (remove dead branches from decision trees).
Marked 1 switch rules as full_case in process $proc$/Users/johncurley/.apio/packages/oss-cad-suite/libexec/../share/yosys/gowin/cells_sim.v:328$263 in module DFFC.
Removed a total of 0 dead cases.

5.23.3.3. Executing PROC_PRUNE pass (remove redundant assignments in processes).
Removed 1 redundant assignment.
Promoted 1 assignment to connection.

5.23.3.4. Executing PROC_INIT pass (extract init attributes).
Found init rule in `\DFFC.$proc$/Users/johncurley/.apio/packages/oss-cad-suite/libexec/../share/yosys/gowin/cells_sim.v:320$264'.
  Set init value: \Q = 1'0

5.23.3.5. Executing PROC_ARST pass (detect async resets in processes).
Found async reset \CLEAR in `\DFFC.$proc$/Users/johncurley/.apio/packages/oss-cad-suite/libexec/../share/yosys/gowin/cells_sim.v:328$263'.

5.23.3.6. Executing PROC_ROM pass (convert switches to ROMs).
Converted 0 switches.

5.23.3.7. Executing PROC_MUX pass (convert decision trees to multiplexers).
Creating decoders for process `\DFFC.$proc$/Users/johncurley/.apio/packages/oss-cad-suite/libexec/../share/yosys/gowin/cells_sim.v:320$264'.
Creating decoders for process `\DFFC.$proc$/Users/johncurley/.apio/packages/oss-cad-suite/libexec/../share/yosys/gowin/cells_sim.v:328$263'.
     1/1: $0\Q[0:0]

5.23.3.8. Executing PROC_DLATCH pass (convert process syncs to latches).

5.23.3.9. Executing PROC_DFF pass (convert process syncs to FFs).
Creating register for signal `\DFFC.\Q' using process `\DFFC.$proc$/Users/johncurley/.apio/packages/oss-cad-suite/libexec/../share/yosys/gowin/cells_sim.v:328$263'.
  created $adff cell `$procdff$3344' with positive edge clock and positive level reset.

5.23.3.10. Executing PROC_MEMWR pass (convert process memory writes to cells).

5.23.3.11. Executing PROC_CLEAN pass (remove empty switches from decision trees).
Removing empty process `DFFC.$proc$/Users/johncurley/.apio/packages/oss-cad-suite/libexec/../share/yosys/gowin/cells_sim.v:320$264'.
Removing empty process `DFFC.$proc$/Users/johncurley/.apio/packages/oss-cad-suite/libexec/../share/yosys/gowin/cells_sim.v:328$263'.
Cleaned up 0 empty switches.

5.23.4. Executing PROC pass (convert processes to netlists).

5.23.4.1. Executing PROC_CLEAN pass (remove empty switches from decision trees).
Cleaned up 0 empty switches.

5.23.4.2. Executing PROC_RMDEAD pass (remove dead branches from decision trees).
Marked 1 switch rules as full_case in process $proc$/Users/johncurley/.apio/packages/oss-cad-suite/libexec/../share/yosys/gowin/cells_sim.v:348$265 in module DFFCE.
Removed a total of 0 dead cases.

5.23.4.3. Executing PROC_PRUNE pass (remove redundant assignments in processes).
Removed 0 redundant assignments.
Promoted 1 assignment to connection.

5.23.4.4. Executing PROC_INIT pass (extract init attributes).
Found init rule in `\DFFCE.$proc$/Users/johncurley/.apio/packages/oss-cad-suite/libexec/../share/yosys/gowin/cells_sim.v:339$266'.
  Set init value: \Q = 1'0

5.23.4.5. Executing PROC_ARST pass (detect async resets in processes).
Found async reset \CLEAR in `\DFFCE.$proc$/Users/johncurley/.apio/packages/oss-cad-suite/libexec/../share/yosys/gowin/cells_sim.v:348$265'.

5.23.4.6. Executing PROC_ROM pass (convert switches to ROMs).
Converted 0 switches.
<suppressed ~1 debug messages>

5.23.4.7. Executing PROC_MUX pass (convert decision trees to multiplexers).
Creating decoders for process `\DFFCE.$proc$/Users/johncurley/.apio/packages/oss-cad-suite/libexec/../share/yosys/gowin/cells_sim.v:339$266'.
Creating decoders for process `\DFFCE.$proc$/Users/johncurley/.apio/packages/oss-cad-suite/libexec/../share/yosys/gowin/cells_sim.v:348$265'.
     1/1: $0\Q[0:0]

5.23.4.8. Executing PROC_DLATCH pass (convert process syncs to latches).

5.23.4.9. Executing PROC_DFF pass (convert process syncs to FFs).
Creating register for signal `\DFFCE.\Q' using process `\DFFCE.$proc$/Users/johncurley/.apio/packages/oss-cad-suite/libexec/../share/yosys/gowin/cells_sim.v:348$265'.
  created $adff cell `$procdff$3349' with positive edge clock and positive level reset.

5.23.4.10. Executing PROC_MEMWR pass (convert process memory writes to cells).

5.23.4.11. Executing PROC_CLEAN pass (remove empty switches from decision trees).
Removing empty process `DFFCE.$proc$/Users/johncurley/.apio/packages/oss-cad-suite/libexec/../share/yosys/gowin/cells_sim.v:339$266'.
Found and cleaned up 1 empty switch in `\DFFCE.$proc$/Users/johncurley/.apio/packages/oss-cad-suite/libexec/../share/yosys/gowin/cells_sim.v:348$265'.
Removing empty process `DFFCE.$proc$/Users/johncurley/.apio/packages/oss-cad-suite/libexec/../share/yosys/gowin/cells_sim.v:348$265'.
Cleaned up 1 empty switch.

5.23.5. Executing PROC pass (convert processes to netlists).

5.23.5.1. Executing PROC_CLEAN pass (remove empty switches from decision trees).
Found and cleaned up 1 empty switch in `$paramod\ALU\ALU_MODE=s32'00000000000000000000000000000010.$proc$/Users/johncurley/.apio/packages/oss-cad-suite/libexec/../share/yosys/gowin/cells_sim.v:969$3352'.
Cleaned up 1 empty switch.

5.23.5.2. Executing PROC_RMDEAD pass (remove dead branches from decision trees).
Removed a total of 0 dead cases.

5.23.5.3. Executing PROC_PRUNE pass (remove redundant assignments in processes).
Removed 0 redundant assignments.
Promoted 4 assignments to connections.

5.23.5.4. Executing PROC_INIT pass (extract init attributes).

5.23.5.5. Executing PROC_ARST pass (detect async resets in processes).

5.23.5.6. Executing PROC_ROM pass (convert switches to ROMs).
Converted 0 switches.

5.23.5.7. Executing PROC_MUX pass (convert decision trees to multiplexers).
Creating decoders for process `$paramod\ALU\ALU_MODE=s32'00000000000000000000000000000010.$proc$/Users/johncurley/.apio/packages/oss-cad-suite/libexec/../share/yosys/gowin/cells_sim.v:969$3352'.

5.23.5.8. Executing PROC_DLATCH pass (convert process syncs to latches).
No latch inferred for signal `$paramod\ALU\ALU_MODE=s32'00000000000000000000000000000010.\C' from process `$paramod\ALU\ALU_MODE=s32'00000000000000000000000000000010.$proc$/Users/johncurley/.apio/packages/oss-cad-suite/libexec/../share/yosys/gowin/cells_sim.v:969$3352'.
No latch inferred for signal `$paramod\ALU\ALU_MODE=s32'00000000000000000000000000000010.\S' from process `$paramod\ALU\ALU_MODE=s32'00000000000000000000000000000010.$proc$/Users/johncurley/.apio/packages/oss-cad-suite/libexec/../share/yosys/gowin/cells_sim.v:969$3352'.

5.23.5.9. Executing PROC_DFF pass (convert process syncs to FFs).

5.23.5.10. Executing PROC_MEMWR pass (convert process memory writes to cells).

5.23.5.11. Executing PROC_CLEAN pass (remove empty switches from decision trees).
Removing empty process `$paramod\ALU\ALU_MODE=s32'00000000000000000000000000000010.$proc$/Users/johncurley/.apio/packages/oss-cad-suite/libexec/../share/yosys/gowin/cells_sim.v:969$3352'.
Cleaned up 0 empty switches.

5.23.6. Executing SCC pass (detecting logic loops).
Found 0 SCCs in module spu13_tang_nano_sovereign.
Found 0 SCCs.

5.23.7. Executing ABC9_OPS pass (helper functions for ABC9).

5.23.8. Executing TECHMAP pass (map to technology primitives).

5.23.8.1. Executing Verilog-2005 frontend: /Users/johncurley/.apio/packages/oss-cad-suite/libexec/../share/yosys/techmap.v
Parsing Verilog input from `/Users/johncurley/.apio/packages/oss-cad-suite/libexec/../share/yosys/techmap.v' to AST representation.
Generating RTLIL representation for module `\_90_simplemap_bool_ops'.
Generating RTLIL representation for module `\_90_simplemap_reduce_ops'.
Generating RTLIL representation for module `\_90_simplemap_logic_ops'.
Generating RTLIL representation for module `\_90_simplemap_compare_ops'.
Generating RTLIL representation for module `\_90_simplemap_various'.
Generating RTLIL representation for module `\_90_simplemap_registers'.
Generating RTLIL representation for module `\_90_shift_ops_shr_shl_sshl_sshr'.
Generating RTLIL representation for module `\_90_shift_shiftx'.
Generating RTLIL representation for module `\_90_fa'.
Generating RTLIL representation for module `\_90_lcu_brent_kung'.
Generating RTLIL representation for module `\_90_alu'.
Generating RTLIL representation for module `\_90_macc'.
Generating RTLIL representation for module `\_90_alumacc'.
Generating RTLIL representation for module `$__div_mod_u'.
Generating RTLIL representation for module `$__div_mod_trunc'.
Generating RTLIL representation for module `\_90_div'.
Generating RTLIL representation for module `\_90_mod'.
Generating RTLIL representation for module `$__div_mod_floor'.
Generating RTLIL representation for module `\_90_divfloor'.
Generating RTLIL representation for module `\_90_modfloor'.
Generating RTLIL representation for module `\_90_pow'.
Generating RTLIL representation for module `\_90_pmux'.
Generating RTLIL representation for module `\_90_demux'.
Generating RTLIL representation for module `\_90_lut'.
Generating RTLIL representation for module `$connect'.
Generating RTLIL representation for module `$input_port'.
Successfully finished Verilog frontend.

5.23.8.2. Continuing TECHMAP pass.
No more expansions possible.
<suppressed ~220 debug messages>

5.23.9. Executing OPT pass (performing simple optimizations).

5.23.9.1. Executing OPT_EXPR pass (perform const folding).
Optimizing module DFFC.
Optimizing module DFFCE.

5.23.9.2. Executing OPT_MERGE pass (detect identical cells).
Finding identical cells in module `\DFFC'.
Computing hashes of 2 cells of `\DFFC'.
Finding duplicate cells in `\DFFC'.
Finding identical cells in module `\DFFCE'.
Computing hashes of 2 cells of `\DFFCE'.
Finding duplicate cells in `\DFFCE'.
Removed a total of 0 cells.

5.23.9.3. Executing OPT_MUXTREE pass (detect dead branches in mux trees).
Running muxtree optimizer on module \DFFC..
  Creating internal representation of mux trees.
  No muxes found in this module.
Running muxtree optimizer on module \DFFCE..
  Creating internal representation of mux trees.
  No muxes found in this module.
Removed 0 multiplexer ports.

5.23.9.4. Executing OPT_REDUCE pass (consolidate $*mux and $reduce_* inputs).
  Optimizing cells in module \DFFC.
  Optimizing cells in module \DFFCE.
Performed a total of 0 changes.

5.23.9.5. Executing OPT_MERGE pass (detect identical cells).
Finding identical cells in module `\DFFC'.
Computing hashes of 2 cells of `\DFFC'.
Finding duplicate cells in `\DFFC'.
Finding identical cells in module `\DFFCE'.
Computing hashes of 2 cells of `\DFFCE'.
Finding duplicate cells in `\DFFCE'.
Removed a total of 0 cells.

5.23.9.6. Executing OPT_DFF pass (perform DFF optimizations).

5.23.9.7. Executing OPT_CLEAN pass (remove unused cells and wires).
Finding unused cells or wires in module \DFFC..
Finding unused cells or wires in module \DFFCE..

5.23.9.8. Executing OPT_EXPR pass (perform const folding).
Optimizing module DFFC.
Optimizing module DFFCE.

5.23.9.9. Finished fast OPT passes. (There is nothing left to do.)

5.23.10. Executing TECHMAP pass (map to technology primitives).

5.23.10.1. Executing Verilog-2005 frontend: /Users/johncurley/.apio/packages/oss-cad-suite/libexec/../share/yosys/abc9_map.v
Parsing Verilog input from `/Users/johncurley/.apio/packages/oss-cad-suite/libexec/../share/yosys/abc9_map.v' to AST representation.
Successfully finished Verilog frontend.

5.23.10.2. Continuing TECHMAP pass.
Using template DFFC for cells of type DFFC.
Using template DFFCE for cells of type DFFCE.
No more expansions possible.
<suppressed ~75 debug messages>

5.23.11. Executing Verilog-2005 frontend: /Users/johncurley/.apio/packages/oss-cad-suite/libexec/../share/yosys/abc9_model.v
Parsing Verilog input from `/Users/johncurley/.apio/packages/oss-cad-suite/libexec/../share/yosys/abc9_model.v' to AST representation.
Replacing existing blackbox module `$__ABC9_DELAY' at /Users/johncurley/.apio/packages/oss-cad-suite/libexec/../share/yosys/abc9_model.v:2.1-7.10.
Generating RTLIL representation for module `$__ABC9_DELAY'.
Replacing existing blackbox module `$__ABC9_SCC_BREAKER' at /Users/johncurley/.apio/packages/oss-cad-suite/libexec/../share/yosys/abc9_model.v:9.1-11.10.
Generating RTLIL representation for module `$__ABC9_SCC_BREAKER'.
Replacing existing module `$__DFF_N__$abc9_flop' at /Users/johncurley/.apio/packages/oss-cad-suite/libexec/../share/yosys/abc9_model.v:14.1-20.10.
Generating RTLIL representation for module `$__DFF_N__$abc9_flop'.
Replacing existing module `$__DFF_P__$abc9_flop' at /Users/johncurley/.apio/packages/oss-cad-suite/libexec/../share/yosys/abc9_model.v:23.1-29.10.
Generating RTLIL representation for module `$__DFF_P__$abc9_flop'.
Successfully finished Verilog frontend.

5.23.12. Executing ABC9_OPS pass (helper functions for ABC9).
<suppressed ~65 debug messages>

5.23.13. Executing ABC9_OPS pass (helper functions for ABC9).

5.23.14. Executing ABC9_OPS pass (helper functions for ABC9).
<suppressed ~2 debug messages>

5.23.15. Executing TECHMAP pass (map to technology primitives).

5.23.15.1. Executing Verilog-2005 frontend: /Users/johncurley/.apio/packages/oss-cad-suite/libexec/../share/yosys/techmap.v
Parsing Verilog input from `/Users/johncurley/.apio/packages/oss-cad-suite/libexec/../share/yosys/techmap.v' to AST representation.
Generating RTLIL representation for module `\_90_simplemap_bool_ops'.
Generating RTLIL representation for module `\_90_simplemap_reduce_ops'.
Generating RTLIL representation for module `\_90_simplemap_logic_ops'.
Generating RTLIL representation for module `\_90_simplemap_compare_ops'.
Generating RTLIL representation for module `\_90_simplemap_various'.
Generating RTLIL representation for module `\_90_simplemap_registers'.
Generating RTLIL representation for module `\_90_shift_ops_shr_shl_sshl_sshr'.
Generating RTLIL representation for module `\_90_shift_shiftx'.
Generating RTLIL representation for module `\_90_fa'.
Generating RTLIL representation for module `\_90_lcu_brent_kung'.
Generating RTLIL representation for module `\_90_alu'.
Generating RTLIL representation for module `\_90_macc'.
Generating RTLIL representation for module `\_90_alumacc'.
Generating RTLIL representation for module `$__div_mod_u'.
Generating RTLIL representation for module `$__div_mod_trunc'.
Generating RTLIL representation for module `\_90_div'.
Generating RTLIL representation for module `\_90_mod'.
Generating RTLIL representation for module `$__div_mod_floor'.
Generating RTLIL representation for module `\_90_divfloor'.
Generating RTLIL representation for module `\_90_modfloor'.
Generating RTLIL representation for module `\_90_pow'.
Generating RTLIL representation for module `\_90_pmux'.
Generating RTLIL representation for module `\_90_demux'.
Generating RTLIL representation for module `\_90_lut'.
Generating RTLIL representation for module `$connect'.
Generating RTLIL representation for module `$input_port'.
Successfully finished Verilog frontend.

5.23.15.2. Continuing TECHMAP pass.
Using template $paramod\ALU\ALU_MODE=s32'00000000000000000000000000000010 for cells of type $paramod\ALU\ALU_MODE=s32'00000000000000000000000000000010.
Using extmapper simplemap for cells of type $mux.
Using extmapper simplemap for cells of type $xor.
Using extmapper simplemap for cells of type $not.
No more expansions possible.
<suppressed ~229 debug messages>

5.23.16. Executing OPT pass (performing simple optimizations).

5.23.16.1. Executing OPT_EXPR pass (perform const folding).
Optimizing module spu13_tang_nano_sovereign.

5.23.16.2. Executing OPT_MERGE pass (detect identical cells).
Finding identical cells in module `\spu13_tang_nano_sovereign'.
Computing hashes of 14 cells of `\spu13_tang_nano_sovereign'.
Finding duplicate cells in `\spu13_tang_nano_sovereign'.
Removed a total of 0 cells.

5.23.16.3. Executing OPT_MUXTREE pass (detect dead branches in mux trees).
Running muxtree optimizer on module \spu13_tang_nano_sovereign..
  Creating internal representation of mux trees.
  No muxes found in this module.
Removed 0 multiplexer ports.

5.23.16.4. Executing OPT_REDUCE pass (consolidate $*mux and $reduce_* inputs).
  Optimizing cells in module \spu13_tang_nano_sovereign.
Performed a total of 0 changes.

5.23.16.5. Executing OPT_MERGE pass (detect identical cells).
Finding identical cells in module `\spu13_tang_nano_sovereign'.
Computing hashes of 14 cells of `\spu13_tang_nano_sovereign'.
Finding duplicate cells in `\spu13_tang_nano_sovereign'.
Removed a total of 0 cells.

5.23.16.6. Executing OPT_DFF pass (perform DFF optimizations).

5.23.16.7. Executing OPT_CLEAN pass (remove unused cells and wires).
Finding unused cells or wires in module \spu13_tang_nano_sovereign..
Removed 0 unused cells and 16 unused wires.
<suppressed ~1 debug messages>

5.23.16.8. Executing OPT_EXPR pass (perform const folding).
Optimizing module spu13_tang_nano_sovereign.

5.23.16.9. Rerunning OPT passes. (Maybe there is more to do..)

5.23.16.10. Executing OPT_MUXTREE pass (detect dead branches in mux trees).
Running muxtree optimizer on module \spu13_tang_nano_sovereign..
  Creating internal representation of mux trees.
  No muxes found in this module.
Removed 0 multiplexer ports.

5.23.16.11. Executing OPT_REDUCE pass (consolidate $*mux and $reduce_* inputs).
  Optimizing cells in module \spu13_tang_nano_sovereign.
Performed a total of 0 changes.

5.23.16.12. Executing OPT_MERGE pass (detect identical cells).
Finding identical cells in module `\spu13_tang_nano_sovereign'.
Computing hashes of 14 cells of `\spu13_tang_nano_sovereign'.
Finding duplicate cells in `\spu13_tang_nano_sovereign'.
Removed a total of 0 cells.

5.23.16.13. Executing OPT_DFF pass (perform DFF optimizations).

5.23.16.14. Executing OPT_CLEAN pass (remove unused cells and wires).
Finding unused cells or wires in module \spu13_tang_nano_sovereign..

5.23.16.15. Executing OPT_EXPR pass (perform const folding).
Optimizing module spu13_tang_nano_sovereign.

5.23.16.16. Finished fast OPT passes. (There is nothing left to do.)

5.23.17. Executing AIGMAP pass (map logic to AIG).
Module spu13_tang_nano_sovereign: replaced 5 cells with 35 new cells, skipped 9 cells.
  replaced 2 cell types:
       2 $_MUX_
       3 $_XOR_
  not replaced 2 cell types:
       1 $_NOT_
       8 $specify2

5.23.18. Executing AIGMAP pass (map logic to AIG).
Module spu13_tang_nano_sovereign: replaced 258 cells with 1611 new cells, skipped 556 cells.
  replaced 3 cell types:
     161 $_MUX_
      65 $_OR_
      32 $_XOR_
  not replaced 16 cell types:
      28 $_AND_
     123 $_NOT_
       3 $scopeinfo
      18 DFF
       3 IBUF
      17 DFFE
       1 DFFR
       3 DFFRE
      18 DFFC
      53 DFFCE
      20 OBUF
      39 $paramod$__ABC9_DELAY\DELAY=32'00000000000000000000001001000000
      24 $paramod$__ABC9_DELAY\DELAY=32'00000000000000000000000000111111
      53 DFFCE_$abc9_byp
      18 DFFC_$abc9_byp
     135 $paramod\ALU\ALU_MODE=s32'00000000000000000000000000000010

5.23.18.1. Executing ABC9_OPS pass (helper functions for ABC9).

5.23.18.2. Executing ABC9_OPS pass (helper functions for ABC9).

5.23.18.3. Executing XAIGER backend.
<suppressed ~121 debug messages>
Extracted 672 AND gates and 2378 wires from module `spu13_tang_nano_sovereign' to a netlist network with 136 inputs and 247 outputs.

5.23.18.4. Executing ABC9_EXE pass (technology mapping using ABC9).

5.23.18.5. Executing ABC9.
Running ABC command: "<yosys-exe-dir>/yosys-abc" -s -f <abc-temp-dir>/abc.script 2>&1
ABC: ======== ABC command line "source <abc-temp-dir>/abc.script"
ABC: + read_lut <abc-temp-dir>/input.lut 
ABC: + read_box <abc-temp-dir>/input.box 
ABC: + &read <abc-temp-dir>/input.xaig 
ABC: + &ps 
ABC: <abc-temp-dir>/input : i/o =    136/    247  and =     380  lev =   36 (0.70)  mem = 0.03 MB  box = 269  bb = 134
ABC: + &scorr 
ABC: Warning: The network is combinational.
ABC: + &sweep 
ABC: + &dc2 
ABC: + &dch -f -r 
ABC: + &ps 
ABC: <abc-temp-dir>/input : i/o =    136/    247  and =     192  lev =    7 (0.47)  mem = 0.03 MB  ch =   25  box = 255  bb = 134
ABC: cst =       0  cls =     23  lit =      25  unused =     656  proof =     0
ABC: + &if -W 500 -v 
ABC: K = 8. Memory (bytes): Truth =    0. Cut =   68. Obj =  152. Set =  708. CutMin = no
ABC: Node =     192.  Ch =    23.  Total mem =    0.26 MB. Peak cut mem =    0.01 MB.
ABC: P:  Del = 9508.00.  Ar =     270.0.  Edge =      284.  Cut =     2073.  T =     0.00 sec
ABC: P:  Del = 9508.00.  Ar =     270.0.  Edge =      284.  Cut =     2065.  T =     0.00 sec
ABC: P:  Del = 9508.00.  Ar =     103.0.  Edge =      199.  Cut =     2598.  T =     0.00 sec
ABC: F:  Del = 9508.00.  Ar =      72.0.  Edge =      210.  Cut =     2142.  T =     0.00 sec
ABC: A:  Del = 9508.00.  Ar =      72.0.  Edge =      194.  Cut =     1522.  T =     0.00 sec
ABC: A:  Del = 9508.00.  Ar =      72.0.  Edge =      194.  Cut =     1603.  T =     0.00 sec
ABC: Total time =     0.01 sec
ABC: + &write -n <abc-temp-dir>/output.aig 
ABC: + &mfs 
ABC: + &ps -l 
ABC: <abc-temp-dir>/input : i/o =    136/    247  and =     126  lev =    6 (0.36)  mem = 0.02 MB  box = 227  bb = 134
ABC: Mapping (K=4)  :  lut =     60  edge =     168  lev =    3 (0.19)  levB =   19  mem = 0.01 MB
ABC: LUT = 60 : 2=32 53.3 %  3=8 13.3 %  4=20 33.3 %  Ave = 2.80
ABC: + &write -n <abc-temp-dir>/output.aig 
ABC: + time 
ABC: elapse: 0.06 seconds, total: 0.06 seconds

5.23.18.6. Executing AIGER frontend.
<suppressed ~820 debug messages>
Removed 135 unused cells and 1369 unused wires.

5.23.18.7. Executing ABC9_OPS pass (helper functions for ABC9).
ABC RESULTS:              $lut cells:       68
ABC RESULTS:   \DFFCE_$abc9_byp cells:       53
ABC RESULTS:   \DFFC_$abc9_byp cells:       18
ABC RESULTS:   $paramod\ALU\ALU_MODE=s32'00000000000000000000000000000010 cells:       93
ABC RESULTS:           input signals:       81
ABC RESULTS:          output signals:      167
Removing temp directory.

5.23.19. Executing TECHMAP pass (map to technology primitives).

5.23.19.1. Executing Verilog-2005 frontend: /Users/johncurley/.apio/packages/oss-cad-suite/libexec/../share/yosys/abc9_unmap.v
Parsing Verilog input from `/Users/johncurley/.apio/packages/oss-cad-suite/libexec/../share/yosys/abc9_unmap.v' to AST representation.
Generating RTLIL representation for module `$__DFF_x__$abc9_flop'.
Generating RTLIL representation for module `$__ABC9_SCC_BREAKER'.
Successfully finished Verilog frontend.

5.23.19.2. Continuing TECHMAP pass.
Using template $paramod\ALU\ALU_MODE=s32'00000000000000000000000000000010 for cells of type $paramod\ALU\ALU_MODE=s32'00000000000000000000000000000010.
Using template DFFCE_$abc9_byp for cells of type DFFCE_$abc9_byp.
Using template DFFC_$abc9_byp for cells of type DFFC_$abc9_byp.
No more expansions possible.
<suppressed ~172 debug messages>
Removed 12 unused cells and 4243 unused wires.

5.24. Executing TECHMAP pass (map to technology primitives).

5.24.1. Executing Verilog-2005 frontend: /Users/johncurley/.apio/packages/oss-cad-suite/libexec/../share/yosys/gowin/cells_map.v
Parsing Verilog input from `/Users/johncurley/.apio/packages/oss-cad-suite/libexec/../share/yosys/gowin/cells_map.v' to AST representation.
Generating RTLIL representation for module `$_DFF_N_'.
Generating RTLIL representation for module `$_DFF_P_'.
Generating RTLIL representation for module `$_DFFE_PP_'.
Generating RTLIL representation for module `$_DFFE_NP_'.
Generating RTLIL representation for module `$_SDFF_PP0_'.
Generating RTLIL representation for module `$_SDFF_NP0_'.
Generating RTLIL representation for module `$_SDFFE_PP0P_'.
Generating RTLIL representation for module `$_SDFFE_NP0P_'.
Generating RTLIL representation for module `$_SDFF_PP1_'.
Generating RTLIL representation for module `$_SDFF_NP1_'.
Generating RTLIL representation for module `$_SDFFE_PP1P_'.
Generating RTLIL representation for module `$_SDFFE_NP1P_'.
Generating RTLIL representation for module `$_DFF_PP1_'.
Generating RTLIL representation for module `$_DFF_NP1_'.
Generating RTLIL representation for module `$_DFF_PP0_'.
Generating RTLIL representation for module `$_DFF_NP0_'.
Generating RTLIL representation for module `$_DFFE_PP1P_'.
Generating RTLIL representation for module `$_DFFE_NP1P_'.
Generating RTLIL representation for module `$_DFFE_PP0P_'.
Generating RTLIL representation for module `$_DFFE_NP0P_'.
Generating RTLIL representation for module `$lut'.
Successfully finished Verilog frontend.

5.24.2. Continuing TECHMAP pass.
Using template $paramod$lut\WIDTH=32'00000000000000000000000000000010\LUT=4'0110 for cells of type $lut.
Using template $paramod$658b9ed803f0d3d335616d3858b53e0a2522f1e8$lut for cells of type $lut.
Using template $paramod$f834d040d87c7a3f7073c31fa0af0f44b6c87c4a$lut for cells of type $lut.
Using template $paramod$lut\WIDTH=32'00000000000000000000000000000010\LUT=4'1011 for cells of type $lut.
Using template $paramod$lut\WIDTH=32'00000000000000000000000000000001\LUT=2'01 for cells of type $lut.
Using template $paramod$5e9374f44a27c3f8a1c38af244ec43ceb4fb8d4f$lut for cells of type $lut.
Using template $paramod$571404c0889eaf57f492cb5e37f8acb5df5852f9$lut for cells of type $lut.
Using template $paramod$6d6beead1425af15cf78b27fd9b11b41b5d4bce8$lut for cells of type $lut.
Using template $paramod$lut\WIDTH=32'00000000000000000000000000000010\LUT=4'0010 for cells of type $lut.
Using template $paramod$lut\WIDTH=32'00000000000000000000000000000010\LUT=4'1000 for cells of type $lut.
Using template $paramod$lut\WIDTH=32'00000000000000000000000000000010\LUT=4'0001 for cells of type $lut.
Using template $paramod$8e44661def013b6bf9fe6f8b049ef2c838d749f9$lut for cells of type $lut.
Using template $paramod$272652f6c6fbe9a75eff76e45cc7e2788835518b$lut for cells of type $lut.
Using template $paramod$153c6cdaaddbc43e6ef3facd06aa851de33910ae$lut for cells of type $lut.
Using template $paramod$7bcf5f70986487920c848507d659d29b9546545c$lut for cells of type $lut.
Using template $paramod$364c9ffbffac467d60dfec81bba4e18476c15602$lut for cells of type $lut.
Using template $paramod$lut\WIDTH=32'00000000000000000000000000000011\LUT=8'11001010 for cells of type $lut.
Using template $paramod$lut\WIDTH=32'00000000000000000000000000000011\LUT=8'10000000 for cells of type $lut.
Using template $paramod$af08867fe0bde4918ae8f1ec2010b6efc74a2fdc$lut for cells of type $lut.
Using template $paramod$47a8214374025465e226fa66bee690ff33268a25$lut for cells of type $lut.
Using template $paramod$30305e55a780880b9c824fe3509a4d981acb0f2b$lut for cells of type $lut.
Using template $paramod$lut\WIDTH=32'00000000000000000000000000000010\LUT=4'0100 for cells of type $lut.
Using template $paramod$a5516fc31d1e552de2435200bb732b4d4ad63a9c$lut for cells of type $lut.
Using template $paramod$lut\WIDTH=32'00000000000000000000000000000011\LUT=8'10101100 for cells of type $lut.
Using template $paramod$30bcd090eabb7a564676ce64e641713f587466fd$lut for cells of type $lut.
Using template $paramod$lut\WIDTH=32'00000000000000000000000000000011\LUT=8'00010000 for cells of type $lut.
No more expansions possible.
<suppressed ~428 debug messages>

5.25. Executing OPT_LUT_INS pass (discard unused LUT inputs).
Optimizing LUTs in spu13_tang_nano_sovereign.

5.26. Executing HILOMAP pass (mapping to constant drivers).
Removed 0 unused cells and 159 unused wires.

5.27. Executing AUTONAME pass.
Renamed 524 objects in module spu13_tang_nano_sovereign (205 iterations).
<suppressed ~524 debug messages>

5.28. Executing HIERARCHY pass (managing design hierarchy).
Attribute `top' found on module `spu13_tang_nano_sovereign'. Setting top module to spu13_tang_nano_sovereign.

5.28.1. Analyzing design hierarchy..
Top module:  \spu13_tang_nano_sovereign

5.28.2. Analyzing design hierarchy..
Top module:  \spu13_tang_nano_sovereign
Removed 0 unused modules.

5.29. Printing statistics.

=== spu13_tang_nano_sovereign ===

        +----------Local Count, excluding submodules.
        | 
      267 wires
      542 wire bits
      267 public wires
      542 public wire bits
       10 ports
       23 port bits
       95 cells
        3   $scopeinfo
        1   GND
        3   IBUF
        8   LUT1
       32   LUT2
        8   LUT3
       19   LUT4
       20   OBUF
        1   VCC
      195 submodules
       92   ALU
       18   DFF
       18   DFFC
       48   DFFCE
       15   DFFE
        1   DFFR
        3   DFFRE

=== design hierarchy ===

        +----------Count including submodules.
        | 
       95 spu13_tang_nano_sovereign

        +----------Count including submodules.
        | 
      267 wires
      542 wire bits
      267 public wires
      542 public wire bits
       10 ports
       23 port bits
        - memories
        - memory bits
        - processes
       95 cells
        3   $scopeinfo
        1   GND
        3   IBUF
        8   LUT1
       32   LUT2
        8   LUT3
       19   LUT4
       20   OBUF
        1   VCC
      195 submodules
       92   ALU
       18   DFF
       18   DFFC
       48   DFFCE
       15   DFFE
        1   DFFR
        3   DFFRE

5.30. Executing CHECK pass (checking for obvious problems).
Checking module spu13_tang_nano_sovereign...
Found and reported 0 problems.

5.31. Executing JSON backend.

Warnings: 1 unique messages, 1 total
End of script. Logfile hash: 67fb7afc48, CPU: user 1.19s system 0.07s, MEM: 34.29 MB peak
Yosys 0.61+112 (git sha1 ac427a79b-dirty, x86_64-apple-darwin23.5-clang++ 18.1.8 -fPIC -O3)
Time spent: 18% 23x read_verilog (0 sec), 11% 8x techmap (0 sec), ...
