
 /----------------------------------------------------------------------------\
 |  yosys -- Yosys Open SYnthesis Suite                                       |
 |  Copyright (C) 2012 - 2026  Claire Xenia Wolf <claire@yosyshq.com>         |
 |  Distributed under an ISC-like license, type "license" to see terms        |
 \----------------------------------------------------------------------------/
 Yosys 0.63 (git sha1 70a11c6bf0e8dd669f56c7da3587f78b405138e2, clang++ 14.0.0 -fPIC -O3)

-- Executing script file `design_smt2.ys' --

1. Executing RTLIL frontend.
Input filename: design_prep.il

2. Executing HIERARCHY pass (managing design hierarchy).
Attribute `top' found on module `vd_determinant_formal'. Setting top module to vd_determinant_formal.

2.1. Analyzing design hierarchy..
Top module:  \vd_determinant_formal

2.2. Analyzing design hierarchy..
Top module:  \vd_determinant_formal
Removed 0 unused modules.
Module vd_determinant_formal directly or indirectly contains formal properties -> setting "keep" attribute.

3. Executing FORMALFF pass.

4. Executing DFFUNMAP pass (unmap clock enable and synchronous reset from FFs).

5. Printing statistics.

=== vd_determinant_formal ===

        +----------Local Count, excluding submodules.
        | 
      100 wires
     8521 wire bits
       26 public wires
     1538 public wire bits
        5 ports
      194 port bits
      102 cells
       36   $add
        1   $assert
        5   $assume
        3   $eq
        2   $ff
        1   $logic_not
       49   $mul
        1   $not
        4   $sub

6. Executing SMT2 backend.

6.1. Executing BMUXMAP pass.

6.2. Executing DEMUXMAP pass.
Creating SMT-LIBv2 representation of module vd_determinant_formal.

End of script. Logfile hash: 2d9cc015e3, CPU: user 0.03s system 0.01s, MEM: 7.14 MB peak
Yosys 0.63 (git sha1 70a11c6bf0e8dd669f56c7da3587f78b405138e2, clang++ 14.0.0 -fPIC -O3)
Time spent: 82% 2x write_smt2 (0 sec), 12% 2x read_rtlil (0 sec), ...
